This is pdfTeX, Version 3.14159265-2.6-1.40.16 (TeX Live 2015/Debian) (preloaded format=pdflatex 2018.10.12)  18 DEC 2019 15:17
entering extended mode
 restricted \write18 enabled.
 %&-line parsing enabled.
**homework-library_solutions.tex
(./homework-library_solutions.tex
LaTeX2e <2016/02/01>
Babel <3.9q> and hyphenation patterns for 5 language(s) loaded.
(/usr/share/texlive/texmf-dist/tex/latex/base/article.cls
Document Class: article 2014/09/29 v1.4h Standard LaTeX document class
(/usr/share/texlive/texmf-dist/tex/latex/base/size10.clo
File: size10.clo 2014/09/29 v1.4h Standard LaTeX file (size option)
)
\c@part=\count79
\c@section=\count80
\c@subsection=\count81
\c@subsubsection=\count82
\c@paragraph=\count83
\c@subparagraph=\count84
\c@figure=\count85
\c@table=\count86
\abovecaptionskip=\skip41
\belowcaptionskip=\skip42
\bibindent=\dimen102
)
(/usr/share/texlive/texmf-dist/tex/generic/xstring/xstring.sty
(/usr/share/texlive/texmf-dist/tex/generic/xstring/xstring.tex
\@xs@message=\write3
\integerpart=\count87
\decimalpart=\count88
)
Package: xstring 2013/10/13  v1.7c  String manipulations (C Tellechea)
)
(/home/USADIR.USA.USOUTHAL.EDU/drewlewis/texmf/tex/latex/extract.sty
Package: extract 2005/05/07 v1.8 extract content from document (HA)

(/usr/share/texlive/texmf-dist/tex/latex/tools/verbatim.sty
Package: verbatim 2014/10/28 v1.5q LaTeX2e package for verbatim enhancements
\every@verbatim=\toks14
\verbatim@line=\toks15
\verbatim@in@stream=\read1
)
(/usr/share/texlive/texmf-dist/tex/latex/xkeyval/xkeyval.sty
Package: xkeyval 2014/12/03 v2.7a package option processing (HA)

(/usr/share/texlive/texmf-dist/tex/generic/xkeyval/xkeyval.tex
(/usr/share/texlive/texmf-dist/tex/generic/xkeyval/xkvutils.tex
\XKV@toks=\toks16
\XKV@tempa@toks=\toks17

(/usr/share/texlive/texmf-dist/tex/generic/xkeyval/keyval.tex))
\XKV@depth=\count89
File: xkeyval.tex 2014/12/03 v2.7a key=value parser (HA)
))
\XTR@out=\write4
\XTR@tmp=\write5
\openout5 = `homework-library_solutions.xtr'.


(./homework-library_solutions.xtr)
\@envdepth=\count90
\openout4 = `homework-library.tex'.

)
\openout5 = `homework-library_solutions.xtr'.

 (./homework-library_solutions.xtr
(./hwHeader.tex (/usr/share/texlive/texmf-dist/tex/latex/amsmath/amsmath.sty
Package: amsmath 2016/03/03 v2.15a AMS math features
\@mathmargin=\skip43

For additional information on amsmath, use the `?' option.
(/usr/share/texlive/texmf-dist/tex/latex/amsmath/amstext.sty
Package: amstext 2000/06/29 v2.01 AMS text

(/usr/share/texlive/texmf-dist/tex/latex/amsmath/amsgen.sty
File: amsgen.sty 1999/11/30 v2.0 generic functions
\@emptytoks=\toks18
\ex@=\dimen103
))
(/usr/share/texlive/texmf-dist/tex/latex/amsmath/amsbsy.sty
Package: amsbsy 1999/11/29 v1.2d Bold Symbols
\pmbraise@=\dimen104
)
(/usr/share/texlive/texmf-dist/tex/latex/amsmath/amsopn.sty
Package: amsopn 1999/12/14 v2.01 operator names
)
\inf@bad=\count91
LaTeX Info: Redefining \frac on input line 199.
\uproot@=\count92
\leftroot@=\count93
LaTeX Info: Redefining \overline on input line 297.
\classnum@=\count94
\DOTSCASE@=\count95
LaTeX Info: Redefining \ldots on input line 394.
LaTeX Info: Redefining \dots on input line 397.
LaTeX Info: Redefining \cdots on input line 518.
\Mathstrutbox@=\box26
\strutbox@=\box27
\big@size=\dimen105
LaTeX Font Info:    Redeclaring font encoding OML on input line 630.
LaTeX Font Info:    Redeclaring font encoding OMS on input line 631.
\macc@depth=\count96
\c@MaxMatrixCols=\count97
\dotsspace@=\muskip10
\c@parentequation=\count98
\dspbrk@lvl=\count99
\tag@help=\toks19
\row@=\count100
\column@=\count101
\maxfields@=\count102
\andhelp@=\toks20
\eqnshift@=\dimen106
\alignsep@=\dimen107
\tagshift@=\dimen108
\tagwidth@=\dimen109
\totwidth@=\dimen110
\lineht@=\dimen111
\@envbody=\toks21
\multlinegap=\skip44
\multlinetaggap=\skip45
\mathdisplay@stack=\toks22
LaTeX Info: Redefining \[ on input line 2735.
LaTeX Info: Redefining \] on input line 2736.
)
(/usr/share/texlive/texmf-dist/tex/latex/base/ifthen.sty
Package: ifthen 2014/09/29 v1.1c Standard LaTeX ifthen package (DPC)
)
(/usr/share/texlive/texmf-dist/tex/latex/amscls/amsthm.sty
Package: amsthm 2015/03/04 v2.20.2
\thm@style=\toks23
\thm@bodyfont=\toks24
\thm@headfont=\toks25
\thm@notefont=\toks26
\thm@headpunct=\toks27
\thm@preskip=\skip46
\thm@postskip=\skip47
\thm@headsep=\skip48
\dth@everypar=\toks28
)
(/usr/share/texlive/texmf-dist/tex/latex/amsfonts/amssymb.sty
Package: amssymb 2013/01/14 v3.01 AMS font symbols

(/usr/share/texlive/texmf-dist/tex/latex/amsfonts/amsfonts.sty
Package: amsfonts 2013/01/14 v3.01 Basic AMSFonts support
\symAMSa=\mathgroup4
\symAMSb=\mathgroup5
LaTeX Font Info:    Overwriting math alphabet `\mathfrak' in version `bold'
(Font)                  U/euf/m/n --> U/euf/b/n on input line 106.
))
(/usr/share/texlive/texmf-dist/tex/latex/tools/enumerate.sty
Package: enumerate 2015/07/23 v3.00 enumerate extensions (DPC)
\@enLab=\toks29
)
(/usr/share/texlive/texmf-dist/tex/latex/geometry/geometry.sty
Package: geometry 2010/09/12 v5.6 Page Geometry

(/usr/share/texlive/texmf-dist/tex/generic/oberdiek/ifpdf.sty
Package: ifpdf 2011/01/30 v2.3 Provides the ifpdf switch (HO)
Package ifpdf Info: pdfTeX in PDF mode is detected.
)
(/usr/share/texlive/texmf-dist/tex/generic/oberdiek/ifvtex.sty
Package: ifvtex 2010/03/01 v1.5 Detect VTeX and its facilities (HO)
Package ifvtex Info: VTeX not detected.
)
(/usr/share/texlive/texmf-dist/tex/generic/ifxetex/ifxetex.sty
Package: ifxetex 2010/09/12 v0.6 Provides ifxetex conditional
)
\Gm@cnth=\count103
\Gm@cntv=\count104
\c@Gm@tempcnt=\count105
\Gm@bindingoffset=\dimen112
\Gm@wd@mp=\dimen113
\Gm@odd@mp=\dimen114
\Gm@even@mp=\dimen115
\Gm@layoutwidth=\dimen116
\Gm@layoutheight=\dimen117
\Gm@layouthoffset=\dimen118
\Gm@layoutvoffset=\dimen119
\Gm@dimlist=\toks30
)
(/usr/share/texlive/texmf-dist/tex/latex/hyperref/hyperref.sty
Package: hyperref 2012/11/06 v6.83m Hypertext links for LaTeX

(/usr/share/texlive/texmf-dist/tex/generic/oberdiek/hobsub-hyperref.sty
Package: hobsub-hyperref 2012/05/28 v1.13 Bundle oberdiek, subset hyperref (HO)


(/usr/share/texlive/texmf-dist/tex/generic/oberdiek/hobsub-generic.sty
Package: hobsub-generic 2012/05/28 v1.13 Bundle oberdiek, subset generic (HO)
Package: hobsub 2012/05/28 v1.13 Construct package bundles (HO)
Package: infwarerr 2010/04/08 v1.3 Providing info/warning/error messages (HO)
Package: ltxcmds 2011/11/09 v1.22 LaTeX kernel commands for general use (HO)
Package: ifluatex 2010/03/01 v1.3 Provides the ifluatex switch (HO)
Package ifluatex Info: LuaTeX not detected.
Package hobsub Info: Skipping package `ifvtex' (already loaded).
Package: intcalc 2007/09/27 v1.1 Expandable calculations with integers (HO)
Package hobsub Info: Skipping package `ifpdf' (already loaded).
Package: etexcmds 2011/02/16 v1.5 Avoid name clashes with e-TeX commands (HO)
Package etexcmds Info: Could not find \expanded.
(etexcmds)             That can mean that you are not using pdfTeX 1.50 or
(etexcmds)             that some package has redefined \expanded.
(etexcmds)             In the latter case, load this package earlier.
Package: kvsetkeys 2012/04/25 v1.16 Key value parser (HO)
Package: kvdefinekeys 2011/04/07 v1.3 Define keys (HO)
Package: pdftexcmds 2011/11/29 v0.20 Utility functions of pdfTeX for LuaTeX (HO
)
Package pdftexcmds Info: LuaTeX not detected.
Package pdftexcmds Info: \pdf@primitive is available.
Package pdftexcmds Info: \pdf@ifprimitive is available.
Package pdftexcmds Info: \pdfdraftmode found.
Package: pdfescape 2011/11/25 v1.13 Implements pdfTeX's escape features (HO)
Package: bigintcalc 2012/04/08 v1.3 Expandable calculations on big integers (HO
)
Package: bitset 2011/01/30 v1.1 Handle bit-vector datatype (HO)
Package: uniquecounter 2011/01/30 v1.2 Provide unlimited unique counter (HO)
)
Package hobsub Info: Skipping package `hobsub' (already loaded).
Package: letltxmacro 2010/09/02 v1.4 Let assignment for LaTeX macros (HO)
Package: hopatch 2012/05/28 v1.2 Wrapper for package hooks (HO)
Package: xcolor-patch 2011/01/30 xcolor patch
Package: atveryend 2011/06/30 v1.8 Hooks at the very end of document (HO)
Package atveryend Info: \enddocument detected (standard20110627).
Package: atbegshi 2011/10/05 v1.16 At begin shipout hook (HO)
Package: refcount 2011/10/16 v3.4 Data extraction from label references (HO)
Package: hycolor 2011/01/30 v1.7 Color options for hyperref/bookmark (HO)
)
(/usr/share/texlive/texmf-dist/tex/latex/oberdiek/auxhook.sty
Package: auxhook 2011/03/04 v1.3 Hooks for auxiliary files (HO)
)
(/usr/share/texlive/texmf-dist/tex/latex/oberdiek/kvoptions.sty
Package: kvoptions 2011/06/30 v3.11 Key value format for package options (HO)
)
\@linkdim=\dimen120
\Hy@linkcounter=\count106
\Hy@pagecounter=\count107

(/usr/share/texlive/texmf-dist/tex/latex/hyperref/pd1enc.def
File: pd1enc.def 2012/11/06 v6.83m Hyperref: PDFDocEncoding definition (HO)
)
\Hy@SavedSpaceFactor=\count108

(/usr/share/texlive/texmf-dist/tex/latex/latexconfig/hyperref.cfg
File: hyperref.cfg 2002/06/06 v1.2 hyperref configuration of TeXLive
)
Package hyperref Info: Option `colorlinks' set `true' on input line 4319.
Package hyperref Info: Hyper figures OFF on input line 4443.
Package hyperref Info: Link nesting OFF on input line 4448.
Package hyperref Info: Hyper index ON on input line 4451.
Package hyperref Info: Plain pages OFF on input line 4458.
Package hyperref Info: Backreferencing OFF on input line 4463.
Package hyperref Info: Implicit mode ON; LaTeX internals redefined.
Package hyperref Info: Bookmarks ON on input line 4688.
\c@Hy@tempcnt=\count109

(/usr/share/texlive/texmf-dist/tex/latex/url/url.sty
\Urlmuskip=\muskip11
Package: url 2013/09/16  ver 3.4  Verb mode for urls, etc.
)
LaTeX Info: Redefining \url on input line 5041.
\XeTeXLinkMargin=\dimen121
\Fld@menulength=\count110
\Field@Width=\dimen122
\Fld@charsize=\dimen123
Package hyperref Info: Hyper figures OFF on input line 6295.
Package hyperref Info: Link nesting OFF on input line 6300.
Package hyperref Info: Hyper index ON on input line 6303.
Package hyperref Info: backreferencing OFF on input line 6310.
Package hyperref Info: Link coloring ON on input line 6313.
Package hyperref Info: Link coloring with OCG OFF on input line 6320.
Package hyperref Info: PDF/A mode OFF on input line 6325.
LaTeX Info: Redefining \ref on input line 6365.
LaTeX Info: Redefining \pageref on input line 6369.
\Hy@abspage=\count111
\c@Item=\count112
\c@Hfootnote=\count113
)

Package hyperref Message: Driver (autodetected): hpdftex.

(/usr/share/texlive/texmf-dist/tex/latex/hyperref/hpdftex.def
File: hpdftex.def 2012/11/06 v6.83m Hyperref driver for pdfTeX
\Fld@listcount=\count114
\c@bookmark@seq@number=\count115

(/usr/share/texlive/texmf-dist/tex/latex/oberdiek/rerunfilecheck.sty
Package: rerunfilecheck 2011/04/15 v1.7 Rerun checks for auxiliary files (HO)
Package uniquecounter Info: New unique counter `rerunfilecheck' on input line 2
82.
)
\Hy@SectionHShift=\skip49
)
(/usr/share/texlive/texmf-dist/tex/latex/environ/environ.sty
Package: environ 2014/05/04 v0.3 A new way to define environments

(/usr/share/texlive/texmf-dist/tex/latex/trimspaces/trimspaces.sty
Package: trimspaces 2009/09/17 v1.1 Trim spaces around a token list
))
\c@exercise=\count116
))
(./homework-library_solutions.aux)
\openout1 = `homework-library_solutions.aux'.

LaTeX Font Info:    Checking defaults for OML/cmm/m/it on input line 15.
LaTeX Font Info:    ... okay on input line 15.
LaTeX Font Info:    Checking defaults for T1/cmr/m/n on input line 15.
LaTeX Font Info:    ... okay on input line 15.
LaTeX Font Info:    Checking defaults for OT1/cmr/m/n on input line 15.
LaTeX Font Info:    ... okay on input line 15.
LaTeX Font Info:    Checking defaults for OMS/cmsy/m/n on input line 15.
LaTeX Font Info:    ... okay on input line 15.
LaTeX Font Info:    Checking defaults for OMX/cmex/m/n on input line 15.
LaTeX Font Info:    ... okay on input line 15.
LaTeX Font Info:    Checking defaults for U/cmr/m/n on input line 15.
LaTeX Font Info:    ... okay on input line 15.
LaTeX Font Info:    Checking defaults for PD1/pdf/m/n on input line 15.
LaTeX Font Info:    ... okay on input line 15.

*geometry* driver: auto-detecting
*geometry* detected driver: pdftex
*geometry* verbose mode - [ preamble ] result:
* driver: pdftex
* paper: <default>
* layout: <same size as paper>
* layoutoffset:(h,v)=(0.0pt,0.0pt)
* modes: 
* h-part:(L,W,R)=(72.26999pt, 469.75502pt, 72.26999pt)
* v-part:(T,H,B)=(72.26999pt, 650.43001pt, 72.26999pt)
* \paperwidth=614.295pt
* \paperheight=794.96999pt
* \textwidth=469.75502pt
* \textheight=650.43001pt
* \oddsidemargin=0.0pt
* \evensidemargin=0.0pt
* \topmargin=-37.0pt
* \headheight=12.0pt
* \headsep=25.0pt
* \topskip=10.0pt
* \footskip=30.0pt
* \marginparwidth=65.0pt
* \marginparsep=11.0pt
* \columnsep=10.0pt
* \skip\footins=9.0pt plus 4.0pt minus 2.0pt
* \hoffset=0.0pt
* \voffset=0.0pt
* \mag=1000
* \@twocolumnfalse
* \@twosidefalse
* \@mparswitchfalse
* \@reversemarginfalse
* (1in=72.27pt=25.4mm, 1cm=28.453pt)

\AtBeginShipoutBox=\box28
(/usr/share/texlive/texmf-dist/tex/latex/graphics/color.sty
Package: color 2016/01/03 v1.1b Standard LaTeX Color (DPC)

(/usr/share/texlive/texmf-dist/tex/latex/latexconfig/color.cfg
File: color.cfg 2007/01/18 v1.5 color configuration of teTeX/TeXLive
)
Package color Info: Driver file: pdftex.def on input line 143.

(/usr/share/texlive/texmf-dist/tex/latex/pdftex-def/pdftex.def
File: pdftex.def 2011/05/27 v0.06d Graphics/color for pdfTeX
\Gread@gobject=\count117

(/usr/share/texlive/texmf-dist/tex/context/base/supp-pdf.mkii
[Loading MPS to PDF converter (version 2006.09.02).]
\scratchcounter=\count118
\scratchdimen=\dimen124
\scratchbox=\box29
\nofMPsegments=\count119
\nofMParguments=\count120
\everyMPshowfont=\toks31
\MPscratchCnt=\count121
\MPscratchDim=\dimen125
\MPnumerator=\count122
\makeMPintoPDFobject=\count123
\everyMPtoPDFconversion=\toks32
)))
Package hyperref Info: Link coloring ON on input line 15.
 (/usr/share/texlive/texmf-dist/tex/latex/hyperref/nameref.sty
Package: nameref 2012/10/27 v2.43 Cross-referencing by name of section

(/usr/share/texlive/texmf-dist/tex/generic/oberdiek/gettitlestring.sty
Package: gettitlestring 2010/12/03 v1.4 Cleanup title references (HO)
)
\c@section@level=\count124
)
LaTeX Info: Redefining \ref on input line 15.
LaTeX Info: Redefining \pageref on input line 15.
LaTeX Info: Redefining \nameref on input line 15.

(./homework-library_solutions.out) (./homework-library_solutions.out)
\@outlinefile=\write6
\openout6 = `homework-library_solutions.out'.

\openout5 = `homework-library_solutions.xtr'.


(./homework-library_solutions.xtr) (./exercises/V1/000.tex
\openout5 = `homework-library_solutions.xtr'.


(./homework-library_solutions.xtr
LaTeX Font Info:    Try loading font information for U+msa on input line 2.

(/usr/share/texlive/texmf-dist/tex/latex/amsfonts/umsa.fd
File: umsa.fd 2013/01/14 v3.01 AMS symbols A
)
LaTeX Font Info:    Try loading font information for U+msb on input line 2.

(/usr/share/texlive/texmf-dist/tex/latex/amsfonts/umsb.fd
File: umsb.fd 2013/01/14 v3.01 AMS symbols B
)))
(./exercises/V1/001.tex
\openout5 = `homework-library_solutions.xtr'.

 (./homework-library_solutions.xtr))
(./exercises/V1/002.tex
\openout5 = `homework-library_solutions.xtr'.

 (./homework-library_solutions.xtr))
(./exercises/V1/003.tex
\openout5 = `homework-library_solutions.xtr'.

 (./homework-library_solutions.xtr) [1

{/var/lib/texmf/fonts/map/pdftex/updmap/pdftex.map}]) (./exercises/V1/004.tex
\openout5 = `homework-library_solutions.xtr'.


(./homework-library_solutions.xtr)) (./exercises/V1/005.tex
\openout5 = `homework-library_solutions.xtr'.


(./homework-library_solutions.xtr)) (./exercises/V1/006.tex
\openout5 = `homework-library_solutions.xtr'.


(./homework-library_solutions.xtr)) (./exercises/V1/007.tex
\openout5 = `homework-library_solutions.xtr'.


(./homework-library_solutions.xtr [2])) (./exercises/V1/008.tex
\openout5 = `homework-library_solutions.xtr'.


(./homework-library_solutions.xtr)) (./exercises/V1/009.tex
\openout5 = `homework-library_solutions.xtr'.


(./homework-library_solutions.xtr)) (./exercises/V1/010.tex
\openout5 = `homework-library_solutions.xtr'.


(./homework-library_solutions.xtr) [3]) (./exercises/V1/011.tex
\openout5 = `homework-library_solutions.xtr'.


(./homework-library_solutions.xtr)) (./exercises/V1/012.tex
\openout5 = `homework-library_solutions.xtr'.


(./homework-library_solutions.xtr)) (./exercises/V1/013.tex
\openout5 = `homework-library_solutions.xtr'.


(./homework-library_solutions.xtr)) (./exercises/V1/014.tex
\openout5 = `homework-library_solutions.xtr'.


(./homework-library_solutions.xtr [4])) (./exercises/V1/015.tex
\openout5 = `homework-library_solutions.xtr'.


(./homework-library_solutions.xtr)) (./exercises/V1/016.tex
\openout5 = `homework-library_solutions.xtr'.


(./homework-library_solutions.xtr)) (./exercises/V1/017.tex
\openout5 = `homework-library_solutions.xtr'.


(./homework-library_solutions.xtr) [5]) (./exercises/V1/018.tex
\openout5 = `homework-library_solutions.xtr'.


(./homework-library_solutions.xtr)) (./exercises/V1/019.tex
\openout5 = `homework-library_solutions.xtr'.


(./homework-library_solutions.xtr)) (./exercises/V1/020.tex
\openout5 = `homework-library_solutions.xtr'.


(./homework-library_solutions.xtr)) (./exercises/V1/021.tex
\openout5 = `homework-library_solutions.xtr'.


(./homework-library_solutions.xtr [6])) (./exercises/V1/022.tex
\openout5 = `homework-library_solutions.xtr'.


(./homework-library_solutions.xtr)) (./exercises/V1/023.tex
\openout5 = `homework-library_solutions.xtr'.


(./homework-library_solutions.xtr)) (./exercises/V1/024.tex
\openout5 = `homework-library_solutions.xtr'.


(./homework-library_solutions.xtr) [7]) [8]
\openout5 = `homework-library_solutions.xtr'.

 (./homework-library_solutions.xtr)
(./exercises/V2/000.tex
\openout5 = `homework-library_solutions.xtr'.

 (./homework-library_solutions.xtr
Overfull \hbox (37.66217pt too wide) in paragraph at lines 1--24
\OT1/cmr/bx/n/10 V2.1 \OT1/cmr/m/n/10 Ex-plain why the vec-tor $[]$ is or is no
t a lin-ear com-bi-na-tion of the vec-tors $[] \OML/cmm/m/it/10 ; [] ; [] []$\O
T1/cmr/m/n/10 . 
 []

)) (./exercises/V2/001.tex
\openout5 = `homework-library_solutions.xtr'.

 (./homework-library_solutions.xtr
Overfull \hbox (119.32884pt too wide) in paragraph at lines 1--34
\OT1/cmr/bx/n/10 V2.2 \OT1/cmr/m/n/10 Ex-plain why the vec-tor $[]$ is or is no
t a lin-ear com-bi-na-tion of the vec-tors $[] \OML/cmm/m/it/10 ; [] ; [] ; [] 
; [] []$\OT1/cmr/m/n/10 . 
 []

)
Overfull \hbox (15.55264pt too wide) in paragraph at lines 40--74
\OT1/cmr/m/it/10 Solution. $[]$ \OT1/cmr/m/n/10 is not a lin-ear com-bi-na-tion
 of the vec-tors $[] \OML/cmm/m/it/10 ; [] ; [] ; [] ; [] []$\OT1/cmr/m/n/10 . 

 []

) (./exercises/V2/002.tex
\openout5 = `homework-library_solutions.xtr'.

 (./homework-library_solutions.xtr
Overfull \hbox (124.32886pt too wide) in paragraph at lines 1--34
\OT1/cmr/bx/n/10 V2.3 \OT1/cmr/m/n/10 Ex-plain why the vec-tor $[]$ is or is no
t a lin-ear com-bi-na-tion of the vec-tors $[] \OML/cmm/m/it/10 ; [] ; [] ; [] 
; [] []$\OT1/cmr/m/n/10 . 
 []

)
Overfull \hbox (20.55266pt too wide) in paragraph at lines 40--74
\OT1/cmr/m/it/10 Solution. $[]$ \OT1/cmr/m/n/10 is not a lin-ear com-bi-na-tion
 of the vec-tors $[] \OML/cmm/m/it/10 ; [] ; [] ; [] ; [] []$\OT1/cmr/m/n/10 . 

 []

) (./exercises/V2/003.tex
\openout5 = `homework-library_solutions.xtr'.

 (./homework-library_solutions.xtr
Overfull \hbox (72.1066pt too wide) in paragraph at lines 1--29
\OT1/cmr/bx/n/10 V2.4 \OT1/cmr/m/n/10 Ex-plain why the vec-tor $[]$ is or is no
t a lin-ear com-bi-na-tion of the vec-tors $[] \OML/cmm/m/it/10 ; [] ; [] ; [] 
[]$\OT1/cmr/m/n/10 . 
 []

)) (./exercises/V2/004.tex
\openout5 = `homework-library_solutions.xtr'.

 (./homework-library_solutions.xtr
Overfull \hbox (79.8844pt too wide) in paragraph at lines 1--29
\OT1/cmr/bx/n/10 V2.5 \OT1/cmr/m/n/10 Ex-plain why the vec-tor $[]$ is or is no
t a lin-ear com-bi-na-tion of the vec-tors $[] \OML/cmm/m/it/10 ; [] ; [] ; [] 
[]$\OT1/cmr/m/n/10 . 
 []

) [9]) (./exercises/V2/005.tex
\openout5 = `homework-library_solutions.xtr'.

 (./homework-library_solutions.xtr
Overfull \hbox (37.66217pt too wide) in paragraph at lines 1--24
\OT1/cmr/bx/n/10 V2.6 \OT1/cmr/m/n/10 Ex-plain why the vec-tor $[]$ is or is no
t a lin-ear com-bi-na-tion of the vec-tors $[] \OML/cmm/m/it/10 ; [] ; [] []$\O
T1/cmr/m/n/10 . 
 []

)) (./exercises/V2/006.tex
\openout5 = `homework-library_solutions.xtr'.

 (./homework-library_solutions.xtr
Overfull \hbox (119.32884pt too wide) in paragraph at lines 1--34
\OT1/cmr/bx/n/10 V2.7 \OT1/cmr/m/n/10 Ex-plain why the vec-tor $[]$ is or is no
t a lin-ear com-bi-na-tion of the vec-tors $[] \OML/cmm/m/it/10 ; [] ; [] ; [] 
; [] []$\OT1/cmr/m/n/10 . 
 []

)) (./exercises/V2/007.tex
\openout5 = `homework-library_solutions.xtr'.

 (./homework-library_solutions.xtr
Overfull \hbox (111.55104pt too wide) in paragraph at lines 1--34
\OT1/cmr/bx/n/10 V2.8 \OT1/cmr/m/n/10 Ex-plain why the vec-tor $[]$ is or is no
t a lin-ear com-bi-na-tion of the vec-tors $[] \OML/cmm/m/it/10 ; [] ; [] ; [] 
; [] []$\OT1/cmr/m/n/10 . 
 []

)) (./exercises/V2/008.tex
\openout5 = `homework-library_solutions.xtr'.

 (./homework-library_solutions.xtr
Overfull \hbox (127.10664pt too wide) in paragraph at lines 1--34
\OT1/cmr/bx/n/10 V2.9 \OT1/cmr/m/n/10 Ex-plain why the vec-tor $[]$ is or is no
t a lin-ear com-bi-na-tion of the vec-tors $[] \OML/cmm/m/it/10 ; [] ; [] ; [] 
; [] []$\OT1/cmr/m/n/10 . 
 []

)
Overfull \hbox (6.66374pt too wide) in paragraph at lines 40--74
\OT1/cmr/m/it/10 Solution. $[]$ \OT1/cmr/m/n/10 is a lin-ear com-bi-na-tion of 
the vec-tors $[] \OML/cmm/m/it/10 ; [] ; [] ; [] ; [] []$\OT1/cmr/m/n/10 . 
 []

) (./exercises/V2/009.tex
\openout5 = `homework-library_solutions.xtr'.

 (./homework-library_solutions.xtr
Overfull \hbox (77.85657pt too wide) in paragraph at lines 1--29
\OT1/cmr/bx/n/10 V2.10 \OT1/cmr/m/n/10 Ex-plain why the vec-tor $[]$ is or is n
ot a lin-ear com-bi-na-tion of the vec-tors $[] \OML/cmm/m/it/10 ; [] ; [] ; []
 []$\OT1/cmr/m/n/10 . 
 []

) [10]) (./exercises/V2/010.tex
\openout5 = `homework-library_solutions.xtr'.

 (./homework-library_solutions.xtr
Overfull \hbox (112.301pt too wide) in paragraph at lines 1--34
\OT1/cmr/bx/n/10 V2.11 \OT1/cmr/m/n/10 Ex-plain why the vec-tor $[]$ is or is n
ot a lin-ear com-bi-na-tion of the vec-tors $[] \OML/cmm/m/it/10 ; [] ; [] ; []
 ; [] []$\OT1/cmr/m/n/10 . 
 []

)) (./exercises/V2/011.tex
\openout5 = `homework-library_solutions.xtr'.

 (./homework-library_solutions.xtr
Overfull \hbox (85.63437pt too wide) in paragraph at lines 1--29
\OT1/cmr/bx/n/10 V2.12 \OT1/cmr/m/n/10 Ex-plain why the vec-tor $[]$ is or is n
ot a lin-ear com-bi-na-tion of the vec-tors $[] \OML/cmm/m/it/10 ; [] ; [] ; []
 []$\OT1/cmr/m/n/10 . 
 []

)) (./exercises/V2/012.tex
\openout5 = `homework-library_solutions.xtr'.

 (./homework-library_solutions.xtr
Overfull \hbox (85.63437pt too wide) in paragraph at lines 1--29
\OT1/cmr/bx/n/10 V2.13 \OT1/cmr/m/n/10 Ex-plain why the vec-tor $[]$ is or is n
ot a lin-ear com-bi-na-tion of the vec-tors $[] \OML/cmm/m/it/10 ; [] ; [] ; []
 []$\OT1/cmr/m/n/10 . 
 []

)) (./exercises/V2/013.tex
\openout5 = `homework-library_solutions.xtr'.

 (./homework-library_solutions.xtr
Overfull \hbox (40.63435pt too wide) in paragraph at lines 1--24
\OT1/cmr/bx/n/10 V2.14 \OT1/cmr/m/n/10 Ex-plain why the vec-tor $[]$ is or is n
ot a lin-ear com-bi-na-tion of the vec-tors $[] \OML/cmm/m/it/10 ; [] ; [] []$\
OT1/cmr/m/n/10 . 
 []

) [11]) (./exercises/V2/014.tex
\openout5 = `homework-library_solutions.xtr'.

 (./homework-library_solutions.xtr
Overfull \hbox (43.41214pt too wide) in paragraph at lines 1--24
\OT1/cmr/bx/n/10 V2.15 \OT1/cmr/m/n/10 Ex-plain why the vec-tor $[]$ is or is n
ot a lin-ear com-bi-na-tion of the vec-tors $[] \OML/cmm/m/it/10 ; [] ; [] []$\
OT1/cmr/m/n/10 . 
 []

)) (./exercises/V2/015.tex
\openout5 = `homework-library_solutions.xtr'.

 (./homework-library_solutions.xtr
Overfull \hbox (127.8566pt too wide) in paragraph at lines 1--34
\OT1/cmr/bx/n/10 V2.16 \OT1/cmr/m/n/10 Ex-plain why the vec-tor $[]$ is or is n
ot a lin-ear com-bi-na-tion of the vec-tors $[] \OML/cmm/m/it/10 ; [] ; [] ; []
 ; [] []$\OT1/cmr/m/n/10 . 
 []

)
Overfull \hbox (18.33043pt too wide) in paragraph at lines 40--74
\OT1/cmr/m/it/10 Solution. $[]$ \OT1/cmr/m/n/10 is not a lin-ear com-bi-na-tion
 of the vec-tors $[] \OML/cmm/m/it/10 ; [] ; [] ; [] ; [] []$\OT1/cmr/m/n/10 . 

 []

) (./exercises/V2/016.tex
\openout5 = `homework-library_solutions.xtr'.

 (./homework-library_solutions.xtr
Overfull \hbox (90.63438pt too wide) in paragraph at lines 1--29
\OT1/cmr/bx/n/10 V2.17 \OT1/cmr/m/n/10 Ex-plain why the vec-tor $[]$ is or is n
ot a lin-ear com-bi-na-tion of the vec-tors $[] \OML/cmm/m/it/10 ; [] ; [] ; []
 []$\OT1/cmr/m/n/10 . 
 []

)) (./exercises/V2/017.tex
\openout5 = `homework-library_solutions.xtr'.

 (./homework-library_solutions.xtr
Overfull \hbox (85.63437pt too wide) in paragraph at lines 1--29
\OT1/cmr/bx/n/10 V2.18 \OT1/cmr/m/n/10 Ex-plain why the vec-tor $[]$ is or is n
ot a lin-ear com-bi-na-tion of the vec-tors $[] \OML/cmm/m/it/10 ; [] ; [] ; []
 []$\OT1/cmr/m/n/10 . 
 []

)) (./exercises/V2/018.tex
\openout5 = `homework-library_solutions.xtr'.

 (./homework-library_solutions.xtr
Overfull \hbox (127.8566pt too wide) in paragraph at lines 1--34
\OT1/cmr/bx/n/10 V2.19 \OT1/cmr/m/n/10 Ex-plain why the vec-tor $[]$ is or is n
ot a lin-ear com-bi-na-tion of the vec-tors $[] \OML/cmm/m/it/10 ; [] ; [] ; []
 ; [] []$\OT1/cmr/m/n/10 . 
 []

) [12]
Overfull \hbox (18.33043pt too wide) in paragraph at lines 40--74
\OT1/cmr/m/it/10 Solution. $[]$ \OT1/cmr/m/n/10 is not a lin-ear com-bi-na-tion
 of the vec-tors $[] \OML/cmm/m/it/10 ; [] ; [] ; [] ; [] []$\OT1/cmr/m/n/10 . 

 []

) (./exercises/V2/019.tex
\openout5 = `homework-library_solutions.xtr'.

 (./homework-library_solutions.xtr
Overfull \hbox (90.63438pt too wide) in paragraph at lines 1--29
\OT1/cmr/bx/n/10 V2.20 \OT1/cmr/m/n/10 Ex-plain why the vec-tor $[]$ is or is n
ot a lin-ear com-bi-na-tion of the vec-tors $[] \OML/cmm/m/it/10 ; [] ; [] ; []
 []$\OT1/cmr/m/n/10 . 
 []

)) (./exercises/V2/020.tex
\openout5 = `homework-library_solutions.xtr'.

 (./homework-library_solutions.xtr
Overfull \hbox (70.07877pt too wide) in paragraph at lines 1--29
\OT1/cmr/bx/n/10 V2.21 \OT1/cmr/m/n/10 Ex-plain why the vec-tor $[]$ is or is n
ot a lin-ear com-bi-na-tion of the vec-tors $[] \OML/cmm/m/it/10 ; [] ; [] ; []
 []$\OT1/cmr/m/n/10 . 
 []

)) (./exercises/V2/021.tex
\openout5 = `homework-library_solutions.xtr'.

 (./homework-library_solutions.xtr
Overfull \hbox (43.41214pt too wide) in paragraph at lines 1--24
\OT1/cmr/bx/n/10 V2.22 \OT1/cmr/m/n/10 Ex-plain why the vec-tor $[]$ is or is n
ot a lin-ear com-bi-na-tion of the vec-tors $[] \OML/cmm/m/it/10 ; [] ; [] []$\
OT1/cmr/m/n/10 . 
 []

)) (./exercises/V2/022.tex
\openout5 = `homework-library_solutions.xtr'.

 (./homework-library_solutions.xtr
Overfull \hbox (35.63434pt too wide) in paragraph at lines 1--24
\OT1/cmr/bx/n/10 V2.23 \OT1/cmr/m/n/10 Ex-plain why the vec-tor $[]$ is or is n
ot a lin-ear com-bi-na-tion of the vec-tors $[] \OML/cmm/m/it/10 ; [] ; [] []$\
OT1/cmr/m/n/10 . 
 []

) [13]) (./exercises/V2/023.tex
\openout5 = `homework-library_solutions.xtr'.

 (./homework-library_solutions.xtr
Overfull \hbox (43.41214pt too wide) in paragraph at lines 1--24
\OT1/cmr/bx/n/10 V2.24 \OT1/cmr/m/n/10 Ex-plain why the vec-tor $[]$ is or is n
ot a lin-ear com-bi-na-tion of the vec-tors $[] \OML/cmm/m/it/10 ; [] ; [] []$\
OT1/cmr/m/n/10 . 
 []

)) (./exercises/V2/024.tex
\openout5 = `homework-library_solutions.xtr'.

 (./homework-library_solutions.xtr
Overfull \hbox (77.85657pt too wide) in paragraph at lines 1--29
\OT1/cmr/bx/n/10 V2.25 \OT1/cmr/m/n/10 Ex-plain why the vec-tor $[]$ is or is n
ot a lin-ear com-bi-na-tion of the vec-tors $[] \OML/cmm/m/it/10 ; [] ; [] ; []
 []$\OT1/cmr/m/n/10 . 
 []

)) [14]
\openout5 = `homework-library_solutions.xtr'.

 (./homework-library_solutions.xtr) (./exercises/V3/000.tex
\openout5 = `homework-library_solutions.xtr'.


(./homework-library_solutions.xtr)) (./exercises/V3/001.tex
\openout5 = `homework-library_solutions.xtr'.


(./homework-library_solutions.xtr)) (./exercises/V3/002.tex
\openout5 = `homework-library_solutions.xtr'.


(./homework-library_solutions.xtr)) (./exercises/V3/003.tex
\openout5 = `homework-library_solutions.xtr'.


(./homework-library_solutions.xtr)) (./exercises/V3/004.tex
\openout5 = `homework-library_solutions.xtr'.


(./homework-library_solutions.xtr) [15]) (./exercises/V3/005.tex
\openout5 = `homework-library_solutions.xtr'.


(./homework-library_solutions.xtr)) (./exercises/V3/006.tex
\openout5 = `homework-library_solutions.xtr'.


(./homework-library_solutions.xtr)) (./exercises/V3/007.tex
\openout5 = `homework-library_solutions.xtr'.


(./homework-library_solutions.xtr)) (./exercises/V3/008.tex
\openout5 = `homework-library_solutions.xtr'.


(./homework-library_solutions.xtr) [16]) (./exercises/V3/009.tex
\openout5 = `homework-library_solutions.xtr'.


(./homework-library_solutions.xtr)) (./exercises/V3/010.tex
\openout5 = `homework-library_solutions.xtr'.


(./homework-library_solutions.xtr)) (./exercises/V3/011.tex
\openout5 = `homework-library_solutions.xtr'.


(./homework-library_solutions.xtr)) (./exercises/V3/012.tex
\openout5 = `homework-library_solutions.xtr'.


(./homework-library_solutions.xtr)) (./exercises/V3/013.tex
\openout5 = `homework-library_solutions.xtr'.


(./homework-library_solutions.xtr) [17]) (./exercises/V3/014.tex
\openout5 = `homework-library_solutions.xtr'.


(./homework-library_solutions.xtr)) (./exercises/V3/015.tex
\openout5 = `homework-library_solutions.xtr'.


(./homework-library_solutions.xtr)) (./exercises/V3/016.tex
\openout5 = `homework-library_solutions.xtr'.


(./homework-library_solutions.xtr)) (./exercises/V3/017.tex
\openout5 = `homework-library_solutions.xtr'.


(./homework-library_solutions.xtr) [18]) (./exercises/V3/018.tex
\openout5 = `homework-library_solutions.xtr'.


(./homework-library_solutions.xtr)) (./exercises/V3/019.tex
\openout5 = `homework-library_solutions.xtr'.


(./homework-library_solutions.xtr)) (./exercises/V3/020.tex
\openout5 = `homework-library_solutions.xtr'.


(./homework-library_solutions.xtr)) (./exercises/V3/021.tex
\openout5 = `homework-library_solutions.xtr'.


(./homework-library_solutions.xtr)) (./exercises/V3/022.tex
\openout5 = `homework-library_solutions.xtr'.


(./homework-library_solutions.xtr) [19]) (./exercises/V3/023.tex
\openout5 = `homework-library_solutions.xtr'.


(./homework-library_solutions.xtr)) (./exercises/V3/024.tex
\openout5 = `homework-library_solutions.xtr'.


(./homework-library_solutions.xtr)) [20]
\openout5 = `homework-library_solutions.xtr'.

 (./homework-library_solutions.xtr)
(./exercises/V5/000.tex
\openout5 = `homework-library_solutions.xtr'.

 (./homework-library_solutions.xtr))
(./exercises/V5/001.tex
\openout5 = `homework-library_solutions.xtr'.

 (./homework-library_solutions.xtr))
(./exercises/V5/002.tex
\openout5 = `homework-library_solutions.xtr'.

 (./homework-library_solutions.xtr))
(./exercises/V5/003.tex
\openout5 = `homework-library_solutions.xtr'.

 (./homework-library_solutions.xtr) [21])
(./exercises/V5/004.tex
\openout5 = `homework-library_solutions.xtr'.

 (./homework-library_solutions.xtr))
(./exercises/V5/005.tex
\openout5 = `homework-library_solutions.xtr'.

 (./homework-library_solutions.xtr))
(./exercises/V5/006.tex
\openout5 = `homework-library_solutions.xtr'.

 (./homework-library_solutions.xtr))
(./exercises/V5/007.tex
\openout5 = `homework-library_solutions.xtr'.

 (./homework-library_solutions.xtr [22]))
(./exercises/V5/008.tex
\openout5 = `homework-library_solutions.xtr'.

 (./homework-library_solutions.xtr))
(./exercises/V5/009.tex
\openout5 = `homework-library_solutions.xtr'.

 (./homework-library_solutions.xtr))
(./exercises/V5/010.tex
\openout5 = `homework-library_solutions.xtr'.

 (./homework-library_solutions.xtr) [23])
(./exercises/V5/011.tex
\openout5 = `homework-library_solutions.xtr'.

 (./homework-library_solutions.xtr))
(./exercises/V5/012.tex
\openout5 = `homework-library_solutions.xtr'.

 (./homework-library_solutions.xtr))
(./exercises/V5/013.tex
\openout5 = `homework-library_solutions.xtr'.

 (./homework-library_solutions.xtr))
(./exercises/V5/014.tex
\openout5 = `homework-library_solutions.xtr'.

 (./homework-library_solutions.xtr [24]))
(./exercises/V5/015.tex
\openout5 = `homework-library_solutions.xtr'.

 (./homework-library_solutions.xtr))
(./exercises/V5/016.tex
\openout5 = `homework-library_solutions.xtr'.

 (./homework-library_solutions.xtr))
(./exercises/V5/017.tex
\openout5 = `homework-library_solutions.xtr'.

 (./homework-library_solutions.xtr) [25])
(./exercises/V5/018.tex
\openout5 = `homework-library_solutions.xtr'.

 (./homework-library_solutions.xtr))
(./exercises/V5/019.tex
\openout5 = `homework-library_solutions.xtr'.

 (./homework-library_solutions.xtr))
(./exercises/V5/020.tex
\openout5 = `homework-library_solutions.xtr'.

 (./homework-library_solutions.xtr))
(./exercises/V5/021.tex
\openout5 = `homework-library_solutions.xtr'.

 (./homework-library_solutions.xtr [26]))
(./exercises/V5/022.tex
\openout5 = `homework-library_solutions.xtr'.

 (./homework-library_solutions.xtr))
(./exercises/V5/023.tex
\openout5 = `homework-library_solutions.xtr'.

 (./homework-library_solutions.xtr))
(./exercises/V5/024.tex
\openout5 = `homework-library_solutions.xtr'.

 (./homework-library_solutions.xtr) [27]) [28]
\openout5 = `homework-library_solutions.xtr'.


(./homework-library_solutions.xtr) (./exercises/V6/000.tex
\openout5 = `homework-library_solutions.xtr'.


(./homework-library_solutions.xtr)) (./exercises/V6/001.tex
\openout5 = `homework-library_solutions.xtr'.


(./homework-library_solutions.xtr)) (./exercises/V6/002.tex
\openout5 = `homework-library_solutions.xtr'.


(./homework-library_solutions.xtr)) (./exercises/V6/003.tex
\openout5 = `homework-library_solutions.xtr'.


(./homework-library_solutions.xtr)) (./exercises/V6/004.tex
\openout5 = `homework-library_solutions.xtr'.


(./homework-library_solutions.xtr) [29]) (./exercises/V6/005.tex
\openout5 = `homework-library_solutions.xtr'.


(./homework-library_solutions.xtr)) (./exercises/V6/006.tex
\openout5 = `homework-library_solutions.xtr'.


(./homework-library_solutions.xtr)) (./exercises/V6/007.tex
\openout5 = `homework-library_solutions.xtr'.


(./homework-library_solutions.xtr)) (./exercises/V6/008.tex
\openout5 = `homework-library_solutions.xtr'.


(./homework-library_solutions.xtr [30])) (./exercises/V6/009.tex
\openout5 = `homework-library_solutions.xtr'.


(./homework-library_solutions.xtr)) (./exercises/V6/010.tex
\openout5 = `homework-library_solutions.xtr'.


(./homework-library_solutions.xtr)) (./exercises/V6/011.tex
\openout5 = `homework-library_solutions.xtr'.


(./homework-library_solutions.xtr)) (./exercises/V6/012.tex
\openout5 = `homework-library_solutions.xtr'.


(./homework-library_solutions.xtr) [31]) (./exercises/V6/013.tex
\openout5 = `homework-library_solutions.xtr'.


(./homework-library_solutions.xtr)) (./exercises/V6/014.tex
\openout5 = `homework-library_solutions.xtr'.


(./homework-library_solutions.xtr)) (./exercises/V6/015.tex
\openout5 = `homework-library_solutions.xtr'.


(./homework-library_solutions.xtr)) (./exercises/V6/016.tex
\openout5 = `homework-library_solutions.xtr'.


(./homework-library_solutions.xtr) [32]) (./exercises/V6/017.tex
\openout5 = `homework-library_solutions.xtr'.


(./homework-library_solutions.xtr)) (./exercises/V6/018.tex
\openout5 = `homework-library_solutions.xtr'.


(./homework-library_solutions.xtr)) (./exercises/V6/019.tex
\openout5 = `homework-library_solutions.xtr'.


(./homework-library_solutions.xtr)) (./exercises/V6/020.tex
\openout5 = `homework-library_solutions.xtr'.


(./homework-library_solutions.xtr)) (./exercises/V6/021.tex
\openout5 = `homework-library_solutions.xtr'.


(./homework-library_solutions.xtr [33])) (./exercises/V6/022.tex
\openout5 = `homework-library_solutions.xtr'.


(./homework-library_solutions.xtr)) (./exercises/V6/023.tex
\openout5 = `homework-library_solutions.xtr'.


(./homework-library_solutions.xtr)) (./exercises/V6/024.tex
\openout5 = `homework-library_solutions.xtr'.


(./homework-library_solutions.xtr)) [34]
\openout5 = `homework-library_solutions.xtr'.

 (./homework-library_solutions.xtr)
(./exercises/V7/000.tex
\openout5 = `homework-library_solutions.xtr'.

 (./homework-library_solutions.xtr))
(./exercises/V7/001.tex
\openout5 = `homework-library_solutions.xtr'.

 (./homework-library_solutions.xtr))
(./exercises/V7/002.tex
\openout5 = `homework-library_solutions.xtr'.

 (./homework-library_solutions.xtr))
(./exercises/V7/003.tex
\openout5 = `homework-library_solutions.xtr'.

 (./homework-library_solutions.xtr) [35])
(./exercises/V7/004.tex
\openout5 = `homework-library_solutions.xtr'.

 (./homework-library_solutions.xtr))
(./exercises/V7/005.tex
\openout5 = `homework-library_solutions.xtr'.

 (./homework-library_solutions.xtr))
(./exercises/V7/006.tex
\openout5 = `homework-library_solutions.xtr'.

 (./homework-library_solutions.xtr))
(./exercises/V7/007.tex
\openout5 = `homework-library_solutions.xtr'.

 (./homework-library_solutions.xtr [36]))
(./exercises/V7/008.tex
\openout5 = `homework-library_solutions.xtr'.

 (./homework-library_solutions.xtr))
(./exercises/V7/009.tex
\openout5 = `homework-library_solutions.xtr'.

 (./homework-library_solutions.xtr))
(./exercises/V7/010.tex
\openout5 = `homework-library_solutions.xtr'.

 (./homework-library_solutions.xtr) [37])
(./exercises/V7/011.tex
\openout5 = `homework-library_solutions.xtr'.

 (./homework-library_solutions.xtr))
(./exercises/V7/012.tex
\openout5 = `homework-library_solutions.xtr'.

 (./homework-library_solutions.xtr))
(./exercises/V7/013.tex
\openout5 = `homework-library_solutions.xtr'.

 (./homework-library_solutions.xtr))
(./exercises/V7/014.tex
\openout5 = `homework-library_solutions.xtr'.

 (./homework-library_solutions.xtr [38]))
(./exercises/V7/015.tex
\openout5 = `homework-library_solutions.xtr'.

 (./homework-library_solutions.xtr))
(./exercises/V7/016.tex
\openout5 = `homework-library_solutions.xtr'.

 (./homework-library_solutions.xtr))
(./exercises/V7/017.tex
\openout5 = `homework-library_solutions.xtr'.

 (./homework-library_solutions.xtr) [39])
(./exercises/V7/018.tex
\openout5 = `homework-library_solutions.xtr'.

 (./homework-library_solutions.xtr))
(./exercises/V7/019.tex
\openout5 = `homework-library_solutions.xtr'.

 (./homework-library_solutions.xtr))
(./exercises/V7/020.tex
\openout5 = `homework-library_solutions.xtr'.

 (./homework-library_solutions.xtr))
(./exercises/V7/021.tex
\openout5 = `homework-library_solutions.xtr'.

 (./homework-library_solutions.xtr [40]))
(./exercises/V7/022.tex
\openout5 = `homework-library_solutions.xtr'.

 (./homework-library_solutions.xtr))
(./exercises/V7/023.tex
\openout5 = `homework-library_solutions.xtr'.

 (./homework-library_solutions.xtr))
(./exercises/V7/024.tex
\openout5 = `homework-library_solutions.xtr'.

 (./homework-library_solutions.xtr) [41]) [42]
\openout5 = `homework-library_solutions.xtr'.


(./homework-library_solutions.xtr) (./exercises/V8/000.tex
\openout5 = `homework-library_solutions.xtr'.


(./homework-library_solutions.xtr)) (./exercises/V8/001.tex
\openout5 = `homework-library_solutions.xtr'.


(./homework-library_solutions.xtr)) (./exercises/V8/002.tex
\openout5 = `homework-library_solutions.xtr'.


(./homework-library_solutions.xtr)) (./exercises/V8/003.tex
\openout5 = `homework-library_solutions.xtr'.


(./homework-library_solutions.xtr)) (./exercises/V8/004.tex
\openout5 = `homework-library_solutions.xtr'.


(./homework-library_solutions.xtr [43])) (./exercises/V8/005.tex
\openout5 = `homework-library_solutions.xtr'.


(./homework-library_solutions.xtr)) (./exercises/V8/006.tex
\openout5 = `homework-library_solutions.xtr'.


(./homework-library_solutions.xtr)) (./exercises/V8/007.tex
\openout5 = `homework-library_solutions.xtr'.


(./homework-library_solutions.xtr)) (./exercises/V8/008.tex
\openout5 = `homework-library_solutions.xtr'.


(./homework-library_solutions.xtr) [44]) (./exercises/V8/009.tex
\openout5 = `homework-library_solutions.xtr'.


(./homework-library_solutions.xtr)) (./exercises/V8/010.tex
\openout5 = `homework-library_solutions.xtr'.


(./homework-library_solutions.xtr)) (./exercises/V8/011.tex
\openout5 = `homework-library_solutions.xtr'.


(./homework-library_solutions.xtr)) (./exercises/V8/012.tex
\openout5 = `homework-library_solutions.xtr'.


(./homework-library_solutions.xtr)) (./exercises/V8/013.tex
\openout5 = `homework-library_solutions.xtr'.


(./homework-library_solutions.xtr [45])) (./exercises/V8/014.tex
\openout5 = `homework-library_solutions.xtr'.


(./homework-library_solutions.xtr)) (./exercises/V8/015.tex
\openout5 = `homework-library_solutions.xtr'.


(./homework-library_solutions.xtr)) (./exercises/V8/016.tex
\openout5 = `homework-library_solutions.xtr'.


(./homework-library_solutions.xtr)) (./exercises/V8/017.tex
\openout5 = `homework-library_solutions.xtr'.


(./homework-library_solutions.xtr) [46]) (./exercises/V8/018.tex
\openout5 = `homework-library_solutions.xtr'.


(./homework-library_solutions.xtr)) (./exercises/V8/019.tex
\openout5 = `homework-library_solutions.xtr'.


(./homework-library_solutions.xtr)) (./exercises/V8/020.tex
\openout5 = `homework-library_solutions.xtr'.


(./homework-library_solutions.xtr)) (./exercises/V8/021.tex
\openout5 = `homework-library_solutions.xtr'.


(./homework-library_solutions.xtr)) (./exercises/V8/022.tex
\openout5 = `homework-library_solutions.xtr'.


(./homework-library_solutions.xtr [47])) (./exercises/V8/023.tex
\openout5 = `homework-library_solutions.xtr'.


(./homework-library_solutions.xtr)) (./exercises/V8/024.tex
\openout5 = `homework-library_solutions.xtr'.


(./homework-library_solutions.xtr)) [48]
\openout5 = `homework-library_solutions.xtr'.

 (./homework-library_solutions.xtr)
(./exercises/V9/000.tex
\openout5 = `homework-library_solutions.xtr'.

 (./homework-library_solutions.xtr))
(./exercises/V9/001.tex
\openout5 = `homework-library_solutions.xtr'.

 (./homework-library_solutions.xtr))
(./exercises/V9/002.tex
\openout5 = `homework-library_solutions.xtr'.

 (./homework-library_solutions.xtr
Overfull \hbox (81.16707pt too wide) detected at line 3
\OML/cmm/m/it/10 W \OT1/cmr/m/n/10 = []  [] \OML/cmm/m/it/10 :
 []

)) (./exercises/V9/003.tex
\openout5 = `homework-library_solutions.xtr'.

 (./homework-library_solutions.xtr
Overfull \hbox (73.94482pt too wide) detected at line 3
\OML/cmm/m/it/10 W \OT1/cmr/m/n/10 = []  [] \OML/cmm/m/it/10 :
 []

)) (./exercises/V9/004.tex
\openout5 = `homework-library_solutions.xtr'.

 (./homework-library_solutions.xtr
Overfull \hbox (10.76445pt too wide) detected at line 3
\OML/cmm/m/it/10 W \OT1/cmr/m/n/10 = []  [] \OML/cmm/m/it/10 :
 []

)) (./exercises/V9/005.tex
\openout5 = `homework-library_solutions.xtr'.

 (./homework-library_solutions.xtr) [49])
(./exercises/V9/006.tex
\openout5 = `homework-library_solutions.xtr'.

 (./homework-library_solutions.xtr))
(./exercises/V9/007.tex
\openout5 = `homework-library_solutions.xtr'.

 (./homework-library_solutions.xtr))
(./exercises/V9/008.tex
\openout5 = `homework-library_solutions.xtr'.

 (./homework-library_solutions.xtr))
(./exercises/V9/009.tex
\openout5 = `homework-library_solutions.xtr'.

 (./homework-library_solutions.xtr))
(./exercises/V9/010.tex
\openout5 = `homework-library_solutions.xtr'.

 (./homework-library_solutions.xtr
Overfull \hbox (106.16714pt too wide) detected at line 3
\OML/cmm/m/it/10 W \OT1/cmr/m/n/10 = []  [] \OML/cmm/m/it/10 :
 []

)) (./exercises/V9/011.tex
\openout5 = `homework-library_solutions.xtr'.

 (./homework-library_solutions.xtr [50]
Overfull \hbox (75.05598pt too wide) detected at line 3
\OML/cmm/m/it/10 W \OT1/cmr/m/n/10 = []  [] \OML/cmm/m/it/10 :
 []

)
Overfull \hbox (33.63342pt too wide) in paragraph at lines 10--12
\OT1/cmr/m/it/10 Solution. \OT1/cmr/m/n/10 A ba-sis of $\OML/cmm/m/it/10 W$ \OT
1/cmr/m/n/10 is $[]$. 
 []

) (./exercises/V9/012.tex
\openout5 = `homework-library_solutions.xtr'.

 (./homework-library_solutions.xtr
Overfull \hbox (60.61145pt too wide) detected at line 3
\OML/cmm/m/it/10 W \OT1/cmr/m/n/10 = []  [] \OML/cmm/m/it/10 :
 []

)
Overfull \hbox (40.29997pt too wide) in paragraph at lines 10--12
\OT1/cmr/m/it/10 Solution. \OT1/cmr/m/n/10 A ba-sis of $\OML/cmm/m/it/10 W$ \OT
1/cmr/m/n/10 is $[]$. 
 []

) (./exercises/V9/013.tex
\openout5 = `homework-library_solutions.xtr'.

 (./homework-library_solutions.xtr))
(./exercises/V9/014.tex
\openout5 = `homework-library_solutions.xtr'.

 (./homework-library_solutions.xtr
Overfull \hbox (57.27806pt too wide) detected at line 3
\OML/cmm/m/it/10 W \OT1/cmr/m/n/10 = []  [] \OML/cmm/m/it/10 :
 []

)
Overfull \hbox (30.29994pt too wide) in paragraph at lines 10--12
\OT1/cmr/m/it/10 Solution. \OT1/cmr/m/n/10 A ba-sis of $\OML/cmm/m/it/10 W$ \OT
1/cmr/m/n/10 is $[]$. 
 []

) (./exercises/V9/015.tex
\openout5 = `homework-library_solutions.xtr'.

 (./homework-library_solutions.xtr))
(./exercises/V9/016.tex
\openout5 = `homework-library_solutions.xtr'.

 (./homework-library_solutions.xtr [51]))
(./exercises/V9/017.tex
\openout5 = `homework-library_solutions.xtr'.

 (./homework-library_solutions.xtr
Overfull \hbox (31.16696pt too wide) detected at line 3
\OML/cmm/m/it/10 W \OT1/cmr/m/n/10 = []  [] \OML/cmm/m/it/10 :
 []

)) (./exercises/V9/018.tex
\openout5 = `homework-library_solutions.xtr'.

 (./homework-library_solutions.xtr
Overfull \hbox (32.6325pt too wide) detected at line 3
\OML/cmm/m/it/10 W \OT1/cmr/m/n/10 = []  [] \OML/cmm/m/it/10 :
 []

)) (./exercises/V9/019.tex
\openout5 = `homework-library_solutions.xtr'.

 (./homework-library_solutions.xtr))
(./exercises/V9/020.tex
\openout5 = `homework-library_solutions.xtr'.

 (./homework-library_solutions.xtr
Overfull \hbox (16.52122pt too wide) detected at line 3
\OML/cmm/m/it/10 W \OT1/cmr/m/n/10 = []  [] \OML/cmm/m/it/10 :
 []

)
Overfull \hbox (4.18884pt too wide) in paragraph at lines 10--12
\OT1/cmr/m/it/10 Solution. \OT1/cmr/m/n/10 A ba-sis of $\OML/cmm/m/it/10 W$ \OT
1/cmr/m/n/10 is $[]$. 
 []

) (./exercises/V9/021.tex
\openout5 = `homework-library_solutions.xtr'.

 (./homework-library_solutions.xtr [52]))
(./exercises/V9/022.tex
\openout5 = `homework-library_solutions.xtr'.

 (./homework-library_solutions.xtr))
(./exercises/V9/023.tex
\openout5 = `homework-library_solutions.xtr'.

 (./homework-library_solutions.xtr
Overfull \hbox (56.5213pt too wide) detected at line 3
\OML/cmm/m/it/10 W \OT1/cmr/m/n/10 = []  [] \OML/cmm/m/it/10 :
 []

)
Overfull \hbox (15.09874pt too wide) in paragraph at lines 10--12
\OT1/cmr/m/it/10 Solution. \OT1/cmr/m/n/10 A ba-sis of $\OML/cmm/m/it/10 W$ \OT
1/cmr/m/n/10 is $[]$. 
 []

) (./exercises/V9/024.tex
\openout5 = `homework-library_solutions.xtr'.

 (./homework-library_solutions.xtr
Overfull \hbox (11.87552pt too wide) detected at line 3
\OML/cmm/m/it/10 W \OT1/cmr/m/n/10 = []  [] \OML/cmm/m/it/10 :
 []

)) [53]
\openout5 = `homework-library_solutions.xtr'.

 (./homework-library_solutions.xtr) (./exercises/V10/000.tex
\openout5 = `homework-library_solutions.xtr'.


(./homework-library_solutions.xtr)) (./exercises/V10/001.tex
\openout5 = `homework-library_solutions.xtr'.


(./homework-library_solutions.xtr)) (./exercises/V10/002.tex
\openout5 = `homework-library_solutions.xtr'.


(./homework-library_solutions.xtr)) (./exercises/V10/003.tex
\openout5 = `homework-library_solutions.xtr'.


(./homework-library_solutions.xtr [54])) (./exercises/V10/004.tex
\openout5 = `homework-library_solutions.xtr'.


(./homework-library_solutions.xtr)) (./exercises/V10/005.tex
\openout5 = `homework-library_solutions.xtr'.


(./homework-library_solutions.xtr)) (./exercises/V10/006.tex
\openout5 = `homework-library_solutions.xtr'.


(./homework-library_solutions.xtr [55])) (./exercises/V10/007.tex
\openout5 = `homework-library_solutions.xtr'.


(./homework-library_solutions.xtr)) (./exercises/V10/008.tex
\openout5 = `homework-library_solutions.xtr'.


(./homework-library_solutions.xtr)) (./exercises/V10/009.tex
\openout5 = `homework-library_solutions.xtr'.


(./homework-library_solutions.xtr [56])) (./exercises/V10/010.tex
\openout5 = `homework-library_solutions.xtr'.


(./homework-library_solutions.xtr)) (./exercises/V10/011.tex
\openout5 = `homework-library_solutions.xtr'.


(./homework-library_solutions.xtr)) (./exercises/V10/012.tex
\openout5 = `homework-library_solutions.xtr'.


(./homework-library_solutions.xtr [57])) (./exercises/V10/013.tex
\openout5 = `homework-library_solutions.xtr'.


(./homework-library_solutions.xtr)) (./exercises/V10/014.tex
\openout5 = `homework-library_solutions.xtr'.


(./homework-library_solutions.xtr)) (./exercises/V10/015.tex
\openout5 = `homework-library_solutions.xtr'.


(./homework-library_solutions.xtr [58])) (./exercises/V10/016.tex
\openout5 = `homework-library_solutions.xtr'.


(./homework-library_solutions.xtr)) (./exercises/V10/017.tex
\openout5 = `homework-library_solutions.xtr'.


(./homework-library_solutions.xtr)) (./exercises/V10/018.tex
\openout5 = `homework-library_solutions.xtr'.


(./homework-library_solutions.xtr) [59]) (./exercises/V10/019.tex
\openout5 = `homework-library_solutions.xtr'.


(./homework-library_solutions.xtr)) (./exercises/V10/020.tex
\openout5 = `homework-library_solutions.xtr'.


(./homework-library_solutions.xtr)) (./exercises/V10/021.tex
\openout5 = `homework-library_solutions.xtr'.


(./homework-library_solutions.xtr)) (./exercises/V10/022.tex
\openout5 = `homework-library_solutions.xtr'.


(./homework-library_solutions.xtr [60])) (./exercises/V10/023.tex
\openout5 = `homework-library_solutions.xtr'.


(./homework-library_solutions.xtr)) (./exercises/V10/024.tex
\openout5 = `homework-library_solutions.xtr'.


(./homework-library_solutions.xtr)) [61] [62]
Package atveryend Info: Empty hook `BeforeClearDocument' on input line 261.
Package atveryend Info: Empty hook `AfterLastShipout' on input line 261.
 (./homework-library_solutions.aux)
Package atveryend Info: Executing hook `AtVeryEndDocument' on input line 261.
Package atveryend Info: Executing hook `AtEndAfterFileList' on input line 261.
Package rerunfilecheck Info: File `homework-library_solutions.out' has not chan
ged.
(rerunfilecheck)             Checksum: B7D63B48CD05E53EE22A9163CE7E9942;424.
Package atveryend Info: Empty hook `AtVeryVeryEnd' on input line 261.
 ) 
Here is how much of TeX's memory you used:
 7958 strings out of 494910
 125014 string characters out of 6179835
 218254 words of memory out of 5000000
 10149 multiletter control sequences out of 15000+600000
 6598 words of font info for 26 fonts, out of 8000000 for 9000
 36 hyphenation exceptions out of 8191
 43i,9n,69p,339b,365s stack positions out of 5000i,500n,10000p,200000b,80000s
</usr/share/texlive/texmf-dist/fonts/type1/public/amsfonts/cm/cmbx10.pfb></us
r/share/texlive/texmf-dist/fonts/type1/public/amsfonts/cm/cmbx12.pfb></usr/shar
e/texlive/texmf-dist/fonts/type1/public/amsfonts/cm/cmex10.pfb></usr/share/texl
ive/texmf-dist/fonts/type1/public/amsfonts/cm/cmmi10.pfb></usr/share/texlive/te
xmf-dist/fonts/type1/public/amsfonts/cm/cmmi7.pfb></usr/share/texlive/texmf-dis
t/fonts/type1/public/amsfonts/cm/cmr10.pfb></usr/share/texlive/texmf-dist/fonts
/type1/public/amsfonts/cm/cmr7.pfb></usr/share/texlive/texmf-dist/fonts/type1/p
ublic/amsfonts/cm/cmsy10.pfb></usr/share/texlive/texmf-dist/fonts/type1/public/
amsfonts/cm/cmti10.pfb></usr/share/texlive/texmf-dist/fonts/type1/public/amsfon
ts/symbols/msbm10.pfb>
Output written on homework-library_solutions.pdf (62 pages, 183358 bytes).
PDF statistics:
 363 PDF objects out of 1000 (max. 8388607)
 286 compressed objects within 3 object streams
 72 named destinations out of 1000 (max. 500000)
 73 words of extra memory for PDF output out of 10000 (max. 10000000)

