This is pdfTeX, Version 3.14159265-2.6-1.40.16 (TeX Live 2015/Debian) (preloaded format=pdflatex 2018.10.12)  18 DEC 2019 15:17
entering extended mode
 restricted \write18 enabled.
 %&-line parsing enabled.
**homework-library.tex
(./homework-library.tex
LaTeX2e <2016/02/01>
Babel <3.9q> and hyphenation patterns for 5 language(s) loaded.
(/usr/share/texlive/texmf-dist/tex/latex/base/article.cls
Document Class: article 2014/09/29 v1.4h Standard LaTeX document class
(/usr/share/texlive/texmf-dist/tex/latex/base/size10.clo
File: size10.clo 2014/09/29 v1.4h Standard LaTeX file (size option)
)
\c@part=\count79
\c@section=\count80
\c@subsection=\count81
\c@subsubsection=\count82
\c@paragraph=\count83
\c@subparagraph=\count84
\c@figure=\count85
\c@table=\count86
\abovecaptionskip=\skip41
\belowcaptionskip=\skip42
\bibindent=\dimen102
) (./hwHeader.tex
(/usr/share/texlive/texmf-dist/tex/latex/amsmath/amsmath.sty
Package: amsmath 2016/03/03 v2.15a AMS math features
\@mathmargin=\skip43

For additional information on amsmath, use the `?' option.
(/usr/share/texlive/texmf-dist/tex/latex/amsmath/amstext.sty
Package: amstext 2000/06/29 v2.01 AMS text

(/usr/share/texlive/texmf-dist/tex/latex/amsmath/amsgen.sty
File: amsgen.sty 1999/11/30 v2.0 generic functions
\@emptytoks=\toks14
\ex@=\dimen103
))
(/usr/share/texlive/texmf-dist/tex/latex/amsmath/amsbsy.sty
Package: amsbsy 1999/11/29 v1.2d Bold Symbols
\pmbraise@=\dimen104
)
(/usr/share/texlive/texmf-dist/tex/latex/amsmath/amsopn.sty
Package: amsopn 1999/12/14 v2.01 operator names
)
\inf@bad=\count87
LaTeX Info: Redefining \frac on input line 199.
\uproot@=\count88
\leftroot@=\count89
LaTeX Info: Redefining \overline on input line 297.
\classnum@=\count90
\DOTSCASE@=\count91
LaTeX Info: Redefining \ldots on input line 394.
LaTeX Info: Redefining \dots on input line 397.
LaTeX Info: Redefining \cdots on input line 518.
\Mathstrutbox@=\box26
\strutbox@=\box27
\big@size=\dimen105
LaTeX Font Info:    Redeclaring font encoding OML on input line 630.
LaTeX Font Info:    Redeclaring font encoding OMS on input line 631.
\macc@depth=\count92
\c@MaxMatrixCols=\count93
\dotsspace@=\muskip10
\c@parentequation=\count94
\dspbrk@lvl=\count95
\tag@help=\toks15
\row@=\count96
\column@=\count97
\maxfields@=\count98
\andhelp@=\toks16
\eqnshift@=\dimen106
\alignsep@=\dimen107
\tagshift@=\dimen108
\tagwidth@=\dimen109
\totwidth@=\dimen110
\lineht@=\dimen111
\@envbody=\toks17
\multlinegap=\skip44
\multlinetaggap=\skip45
\mathdisplay@stack=\toks18
LaTeX Info: Redefining \[ on input line 2735.
LaTeX Info: Redefining \] on input line 2736.
)
(/usr/share/texlive/texmf-dist/tex/latex/base/ifthen.sty
Package: ifthen 2014/09/29 v1.1c Standard LaTeX ifthen package (DPC)
)
(/usr/share/texlive/texmf-dist/tex/latex/amscls/amsthm.sty
Package: amsthm 2015/03/04 v2.20.2
\thm@style=\toks19
\thm@bodyfont=\toks20
\thm@headfont=\toks21
\thm@notefont=\toks22
\thm@headpunct=\toks23
\thm@preskip=\skip46
\thm@postskip=\skip47
\thm@headsep=\skip48
\dth@everypar=\toks24
)
(/usr/share/texlive/texmf-dist/tex/latex/amsfonts/amssymb.sty
Package: amssymb 2013/01/14 v3.01 AMS font symbols

(/usr/share/texlive/texmf-dist/tex/latex/amsfonts/amsfonts.sty
Package: amsfonts 2013/01/14 v3.01 Basic AMSFonts support
\symAMSa=\mathgroup4
\symAMSb=\mathgroup5
LaTeX Font Info:    Overwriting math alphabet `\mathfrak' in version `bold'
(Font)                  U/euf/m/n --> U/euf/b/n on input line 106.
))
(/usr/share/texlive/texmf-dist/tex/latex/tools/enumerate.sty
Package: enumerate 2015/07/23 v3.00 enumerate extensions (DPC)
\@enLab=\toks25
)
(/usr/share/texlive/texmf-dist/tex/latex/geometry/geometry.sty
Package: geometry 2010/09/12 v5.6 Page Geometry

(/usr/share/texlive/texmf-dist/tex/latex/graphics/keyval.sty
Package: keyval 2014/10/28 v1.15 key=value parser (DPC)
\KV@toks@=\toks26
)
(/usr/share/texlive/texmf-dist/tex/generic/oberdiek/ifpdf.sty
Package: ifpdf 2011/01/30 v2.3 Provides the ifpdf switch (HO)
Package ifpdf Info: pdfTeX in PDF mode is detected.
)
(/usr/share/texlive/texmf-dist/tex/generic/oberdiek/ifvtex.sty
Package: ifvtex 2010/03/01 v1.5 Detect VTeX and its facilities (HO)
Package ifvtex Info: VTeX not detected.
)
(/usr/share/texlive/texmf-dist/tex/generic/ifxetex/ifxetex.sty
Package: ifxetex 2010/09/12 v0.6 Provides ifxetex conditional
)
\Gm@cnth=\count99
\Gm@cntv=\count100
\c@Gm@tempcnt=\count101
\Gm@bindingoffset=\dimen112
\Gm@wd@mp=\dimen113
\Gm@odd@mp=\dimen114
\Gm@even@mp=\dimen115
\Gm@layoutwidth=\dimen116
\Gm@layoutheight=\dimen117
\Gm@layouthoffset=\dimen118
\Gm@layoutvoffset=\dimen119
\Gm@dimlist=\toks27
)
(/usr/share/texlive/texmf-dist/tex/latex/hyperref/hyperref.sty
Package: hyperref 2012/11/06 v6.83m Hypertext links for LaTeX

(/usr/share/texlive/texmf-dist/tex/generic/oberdiek/hobsub-hyperref.sty
Package: hobsub-hyperref 2012/05/28 v1.13 Bundle oberdiek, subset hyperref (HO)


(/usr/share/texlive/texmf-dist/tex/generic/oberdiek/hobsub-generic.sty
Package: hobsub-generic 2012/05/28 v1.13 Bundle oberdiek, subset generic (HO)
Package: hobsub 2012/05/28 v1.13 Construct package bundles (HO)
Package: infwarerr 2010/04/08 v1.3 Providing info/warning/error messages (HO)
Package: ltxcmds 2011/11/09 v1.22 LaTeX kernel commands for general use (HO)
Package: ifluatex 2010/03/01 v1.3 Provides the ifluatex switch (HO)
Package ifluatex Info: LuaTeX not detected.
Package hobsub Info: Skipping package `ifvtex' (already loaded).
Package: intcalc 2007/09/27 v1.1 Expandable calculations with integers (HO)
Package hobsub Info: Skipping package `ifpdf' (already loaded).
Package: etexcmds 2011/02/16 v1.5 Avoid name clashes with e-TeX commands (HO)
Package etexcmds Info: Could not find \expanded.
(etexcmds)             That can mean that you are not using pdfTeX 1.50 or
(etexcmds)             that some package has redefined \expanded.
(etexcmds)             In the latter case, load this package earlier.
Package: kvsetkeys 2012/04/25 v1.16 Key value parser (HO)
Package: kvdefinekeys 2011/04/07 v1.3 Define keys (HO)
Package: pdftexcmds 2011/11/29 v0.20 Utility functions of pdfTeX for LuaTeX (HO
)
Package pdftexcmds Info: LuaTeX not detected.
Package pdftexcmds Info: \pdf@primitive is available.
Package pdftexcmds Info: \pdf@ifprimitive is available.
Package pdftexcmds Info: \pdfdraftmode found.
Package: pdfescape 2011/11/25 v1.13 Implements pdfTeX's escape features (HO)
Package: bigintcalc 2012/04/08 v1.3 Expandable calculations on big integers (HO
)
Package: bitset 2011/01/30 v1.1 Handle bit-vector datatype (HO)
Package: uniquecounter 2011/01/30 v1.2 Provide unlimited unique counter (HO)
)
Package hobsub Info: Skipping package `hobsub' (already loaded).
Package: letltxmacro 2010/09/02 v1.4 Let assignment for LaTeX macros (HO)
Package: hopatch 2012/05/28 v1.2 Wrapper for package hooks (HO)
Package: xcolor-patch 2011/01/30 xcolor patch
Package: atveryend 2011/06/30 v1.8 Hooks at the very end of document (HO)
Package atveryend Info: \enddocument detected (standard20110627).
Package: atbegshi 2011/10/05 v1.16 At begin shipout hook (HO)
Package: refcount 2011/10/16 v3.4 Data extraction from label references (HO)
Package: hycolor 2011/01/30 v1.7 Color options for hyperref/bookmark (HO)
)
(/usr/share/texlive/texmf-dist/tex/latex/oberdiek/auxhook.sty
Package: auxhook 2011/03/04 v1.3 Hooks for auxiliary files (HO)
)
(/usr/share/texlive/texmf-dist/tex/latex/oberdiek/kvoptions.sty
Package: kvoptions 2011/06/30 v3.11 Key value format for package options (HO)
)
\@linkdim=\dimen120
\Hy@linkcounter=\count102
\Hy@pagecounter=\count103

(/usr/share/texlive/texmf-dist/tex/latex/hyperref/pd1enc.def
File: pd1enc.def 2012/11/06 v6.83m Hyperref: PDFDocEncoding definition (HO)
)
\Hy@SavedSpaceFactor=\count104

(/usr/share/texlive/texmf-dist/tex/latex/latexconfig/hyperref.cfg
File: hyperref.cfg 2002/06/06 v1.2 hyperref configuration of TeXLive
)
Package hyperref Info: Option `colorlinks' set `true' on input line 4319.
Package hyperref Info: Hyper figures OFF on input line 4443.
Package hyperref Info: Link nesting OFF on input line 4448.
Package hyperref Info: Hyper index ON on input line 4451.
Package hyperref Info: Plain pages OFF on input line 4458.
Package hyperref Info: Backreferencing OFF on input line 4463.
Package hyperref Info: Implicit mode ON; LaTeX internals redefined.
Package hyperref Info: Bookmarks ON on input line 4688.
\c@Hy@tempcnt=\count105

(/usr/share/texlive/texmf-dist/tex/latex/url/url.sty
\Urlmuskip=\muskip11
Package: url 2013/09/16  ver 3.4  Verb mode for urls, etc.
)
LaTeX Info: Redefining \url on input line 5041.
\XeTeXLinkMargin=\dimen121
\Fld@menulength=\count106
\Field@Width=\dimen122
\Fld@charsize=\dimen123
Package hyperref Info: Hyper figures OFF on input line 6295.
Package hyperref Info: Link nesting OFF on input line 6300.
Package hyperref Info: Hyper index ON on input line 6303.
Package hyperref Info: backreferencing OFF on input line 6310.
Package hyperref Info: Link coloring ON on input line 6313.
Package hyperref Info: Link coloring with OCG OFF on input line 6320.
Package hyperref Info: PDF/A mode OFF on input line 6325.
LaTeX Info: Redefining \ref on input line 6365.
LaTeX Info: Redefining \pageref on input line 6369.
\Hy@abspage=\count107
\c@Item=\count108
\c@Hfootnote=\count109
)

Package hyperref Message: Driver (autodetected): hpdftex.

(/usr/share/texlive/texmf-dist/tex/latex/hyperref/hpdftex.def
File: hpdftex.def 2012/11/06 v6.83m Hyperref driver for pdfTeX
\Fld@listcount=\count110
\c@bookmark@seq@number=\count111

(/usr/share/texlive/texmf-dist/tex/latex/oberdiek/rerunfilecheck.sty
Package: rerunfilecheck 2011/04/15 v1.7 Rerun checks for auxiliary files (HO)
Package uniquecounter Info: New unique counter `rerunfilecheck' on input line 2
82.
)
\Hy@SectionHShift=\skip49
)
(/usr/share/texlive/texmf-dist/tex/latex/environ/environ.sty
Package: environ 2014/05/04 v0.3 A new way to define environments

(/usr/share/texlive/texmf-dist/tex/latex/trimspaces/trimspaces.sty
Package: trimspaces 2009/09/17 v1.1 Trim spaces around a token list
))
\c@exercise=\count112
)
(./homework-library.aux)
\openout1 = `homework-library.aux'.

LaTeX Font Info:    Checking defaults for OML/cmm/m/it on input line 12.
LaTeX Font Info:    ... okay on input line 12.
LaTeX Font Info:    Checking defaults for T1/cmr/m/n on input line 12.
LaTeX Font Info:    ... okay on input line 12.
LaTeX Font Info:    Checking defaults for OT1/cmr/m/n on input line 12.
LaTeX Font Info:    ... okay on input line 12.
LaTeX Font Info:    Checking defaults for OMS/cmsy/m/n on input line 12.
LaTeX Font Info:    ... okay on input line 12.
LaTeX Font Info:    Checking defaults for OMX/cmex/m/n on input line 12.
LaTeX Font Info:    ... okay on input line 12.
LaTeX Font Info:    Checking defaults for U/cmr/m/n on input line 12.
LaTeX Font Info:    ... okay on input line 12.
LaTeX Font Info:    Checking defaults for PD1/pdf/m/n on input line 12.
LaTeX Font Info:    ... okay on input line 12.

*geometry* driver: auto-detecting
*geometry* detected driver: pdftex
*geometry* verbose mode - [ preamble ] result:
* driver: pdftex
* paper: <default>
* layout: <same size as paper>
* layoutoffset:(h,v)=(0.0pt,0.0pt)
* modes: 
* h-part:(L,W,R)=(72.26999pt, 469.75502pt, 72.26999pt)
* v-part:(T,H,B)=(72.26999pt, 650.43001pt, 72.26999pt)
* \paperwidth=614.295pt
* \paperheight=794.96999pt
* \textwidth=469.75502pt
* \textheight=650.43001pt
* \oddsidemargin=0.0pt
* \evensidemargin=0.0pt
* \topmargin=-37.0pt
* \headheight=12.0pt
* \headsep=25.0pt
* \topskip=10.0pt
* \footskip=30.0pt
* \marginparwidth=65.0pt
* \marginparsep=11.0pt
* \columnsep=10.0pt
* \skip\footins=9.0pt plus 4.0pt minus 2.0pt
* \hoffset=0.0pt
* \voffset=0.0pt
* \mag=1000
* \@twocolumnfalse
* \@twosidefalse
* \@mparswitchfalse
* \@reversemarginfalse
* (1in=72.27pt=25.4mm, 1cm=28.453pt)

\AtBeginShipoutBox=\box28
(/usr/share/texlive/texmf-dist/tex/latex/graphics/color.sty
Package: color 2016/01/03 v1.1b Standard LaTeX Color (DPC)

(/usr/share/texlive/texmf-dist/tex/latex/latexconfig/color.cfg
File: color.cfg 2007/01/18 v1.5 color configuration of teTeX/TeXLive
)
Package color Info: Driver file: pdftex.def on input line 143.

(/usr/share/texlive/texmf-dist/tex/latex/pdftex-def/pdftex.def
File: pdftex.def 2011/05/27 v0.06d Graphics/color for pdfTeX
\Gread@gobject=\count113

(/usr/share/texlive/texmf-dist/tex/context/base/supp-pdf.mkii
[Loading MPS to PDF converter (version 2006.09.02).]
\scratchcounter=\count114
\scratchdimen=\dimen124
\scratchbox=\box29
\nofMPsegments=\count115
\nofMParguments=\count116
\everyMPshowfont=\toks28
\MPscratchCnt=\count117
\MPscratchDim=\dimen125
\MPnumerator=\count118
\makeMPintoPDFobject=\count119
\everyMPtoPDFconversion=\toks29
)))
Package hyperref Info: Link coloring ON on input line 12.
 (/usr/share/texlive/texmf-dist/tex/latex/hyperref/nameref.sty
Package: nameref 2012/10/27 v2.43 Cross-referencing by name of section

(/usr/share/texlive/texmf-dist/tex/generic/oberdiek/gettitlestring.sty
Package: gettitlestring 2010/12/03 v1.4 Cleanup title references (HO)
)
\c@section@level=\count120
)
LaTeX Info: Redefining \ref on input line 12.
LaTeX Info: Redefining \pageref on input line 12.
LaTeX Info: Redefining \nameref on input line 12.

(./homework-library.out) (./homework-library.out)
\@outlinefile=\write3
\openout3 = `homework-library.out'.

LaTeX Font Info:    Try loading font information for U+msa on input line 17.

(/usr/share/texlive/texmf-dist/tex/latex/amsfonts/umsa.fd
File: umsa.fd 2013/01/14 v3.01 AMS symbols A
)
LaTeX Font Info:    Try loading font information for U+msb on input line 17.

(/usr/share/texlive/texmf-dist/tex/latex/amsfonts/umsb.fd
File: umsb.fd 2013/01/14 v3.01 AMS symbols B
) [1

{/var/lib/texmf/fonts/map/pdftex/updmap/pdftex.map}] [2] [3] [4] [5] [6]
Overfull \hbox (37.66217pt too wide) in paragraph at lines 468--491
\OT1/cmr/bx/n/10 V2.1 \OT1/cmr/m/n/10 Ex-plain why the vec-tor $[]$ is or is no
t a lin-ear com-bi-na-tion of the vec-tors $[] \OML/cmm/m/it/10 ; [] ; [] []$\O
T1/cmr/m/n/10 . 
 []


Overfull \hbox (119.32884pt too wide) in paragraph at lines 497--530
\OT1/cmr/bx/n/10 V2.2 \OT1/cmr/m/n/10 Ex-plain why the vec-tor $[]$ is or is no
t a lin-ear com-bi-na-tion of the vec-tors $[] \OML/cmm/m/it/10 ; [] ; [] ; [] 
; [] []$\OT1/cmr/m/n/10 . 
 []


Overfull \hbox (124.32886pt too wide) in paragraph at lines 536--569
\OT1/cmr/bx/n/10 V2.3 \OT1/cmr/m/n/10 Ex-plain why the vec-tor $[]$ is or is no
t a lin-ear com-bi-na-tion of the vec-tors $[] \OML/cmm/m/it/10 ; [] ; [] ; [] 
; [] []$\OT1/cmr/m/n/10 . 
 []


Overfull \hbox (72.1066pt too wide) in paragraph at lines 575--603
\OT1/cmr/bx/n/10 V2.4 \OT1/cmr/m/n/10 Ex-plain why the vec-tor $[]$ is or is no
t a lin-ear com-bi-na-tion of the vec-tors $[] \OML/cmm/m/it/10 ; [] ; [] ; [] 
[]$\OT1/cmr/m/n/10 . 
 []


Overfull \hbox (79.8844pt too wide) in paragraph at lines 609--637
\OT1/cmr/bx/n/10 V2.5 \OT1/cmr/m/n/10 Ex-plain why the vec-tor $[]$ is or is no
t a lin-ear com-bi-na-tion of the vec-tors $[] \OML/cmm/m/it/10 ; [] ; [] ; [] 
[]$\OT1/cmr/m/n/10 . 
 []


Overfull \hbox (37.66217pt too wide) in paragraph at lines 643--666
\OT1/cmr/bx/n/10 V2.6 \OT1/cmr/m/n/10 Ex-plain why the vec-tor $[]$ is or is no
t a lin-ear com-bi-na-tion of the vec-tors $[] \OML/cmm/m/it/10 ; [] ; [] []$\O
T1/cmr/m/n/10 . 
 []


Overfull \hbox (119.32884pt too wide) in paragraph at lines 672--705
\OT1/cmr/bx/n/10 V2.7 \OT1/cmr/m/n/10 Ex-plain why the vec-tor $[]$ is or is no
t a lin-ear com-bi-na-tion of the vec-tors $[] \OML/cmm/m/it/10 ; [] ; [] ; [] 
; [] []$\OT1/cmr/m/n/10 . 
 []


Overfull \hbox (111.55104pt too wide) in paragraph at lines 711--744
\OT1/cmr/bx/n/10 V2.8 \OT1/cmr/m/n/10 Ex-plain why the vec-tor $[]$ is or is no
t a lin-ear com-bi-na-tion of the vec-tors $[] \OML/cmm/m/it/10 ; [] ; [] ; [] 
; [] []$\OT1/cmr/m/n/10 . 
 []


Overfull \hbox (127.10664pt too wide) in paragraph at lines 750--783
\OT1/cmr/bx/n/10 V2.9 \OT1/cmr/m/n/10 Ex-plain why the vec-tor $[]$ is or is no
t a lin-ear com-bi-na-tion of the vec-tors $[] \OML/cmm/m/it/10 ; [] ; [] ; [] 
; [] []$\OT1/cmr/m/n/10 . 
 []


Overfull \hbox (77.85657pt too wide) in paragraph at lines 789--817
\OT1/cmr/bx/n/10 V2.10 \OT1/cmr/m/n/10 Ex-plain why the vec-tor $[]$ is or is n
ot a lin-ear com-bi-na-tion of the vec-tors $[] \OML/cmm/m/it/10 ; [] ; [] ; []
 []$\OT1/cmr/m/n/10 . 
 []


Overfull \hbox (112.301pt too wide) in paragraph at lines 823--856
\OT1/cmr/bx/n/10 V2.11 \OT1/cmr/m/n/10 Ex-plain why the vec-tor $[]$ is or is n
ot a lin-ear com-bi-na-tion of the vec-tors $[] \OML/cmm/m/it/10 ; [] ; [] ; []
 ; [] []$\OT1/cmr/m/n/10 . 
 []


Overfull \hbox (85.63437pt too wide) in paragraph at lines 862--890
\OT1/cmr/bx/n/10 V2.12 \OT1/cmr/m/n/10 Ex-plain why the vec-tor $[]$ is or is n
ot a lin-ear com-bi-na-tion of the vec-tors $[] \OML/cmm/m/it/10 ; [] ; [] ; []
 []$\OT1/cmr/m/n/10 . 
 []

[7]
Overfull \hbox (85.63437pt too wide) in paragraph at lines 896--924
\OT1/cmr/bx/n/10 V2.13 \OT1/cmr/m/n/10 Ex-plain why the vec-tor $[]$ is or is n
ot a lin-ear com-bi-na-tion of the vec-tors $[] \OML/cmm/m/it/10 ; [] ; [] ; []
 []$\OT1/cmr/m/n/10 . 
 []


Overfull \hbox (40.63435pt too wide) in paragraph at lines 930--953
\OT1/cmr/bx/n/10 V2.14 \OT1/cmr/m/n/10 Ex-plain why the vec-tor $[]$ is or is n
ot a lin-ear com-bi-na-tion of the vec-tors $[] \OML/cmm/m/it/10 ; [] ; [] []$\
OT1/cmr/m/n/10 . 
 []


Overfull \hbox (43.41214pt too wide) in paragraph at lines 959--982
\OT1/cmr/bx/n/10 V2.15 \OT1/cmr/m/n/10 Ex-plain why the vec-tor $[]$ is or is n
ot a lin-ear com-bi-na-tion of the vec-tors $[] \OML/cmm/m/it/10 ; [] ; [] []$\
OT1/cmr/m/n/10 . 
 []


Overfull \hbox (127.8566pt too wide) in paragraph at lines 988--1021
\OT1/cmr/bx/n/10 V2.16 \OT1/cmr/m/n/10 Ex-plain why the vec-tor $[]$ is or is n
ot a lin-ear com-bi-na-tion of the vec-tors $[] \OML/cmm/m/it/10 ; [] ; [] ; []
 ; [] []$\OT1/cmr/m/n/10 . 
 []


Overfull \hbox (90.63438pt too wide) in paragraph at lines 1027--1055
\OT1/cmr/bx/n/10 V2.17 \OT1/cmr/m/n/10 Ex-plain why the vec-tor $[]$ is or is n
ot a lin-ear com-bi-na-tion of the vec-tors $[] \OML/cmm/m/it/10 ; [] ; [] ; []
 []$\OT1/cmr/m/n/10 . 
 []


Overfull \hbox (85.63437pt too wide) in paragraph at lines 1061--1089
\OT1/cmr/bx/n/10 V2.18 \OT1/cmr/m/n/10 Ex-plain why the vec-tor $[]$ is or is n
ot a lin-ear com-bi-na-tion of the vec-tors $[] \OML/cmm/m/it/10 ; [] ; [] ; []
 []$\OT1/cmr/m/n/10 . 
 []


Overfull \hbox (127.8566pt too wide) in paragraph at lines 1095--1128
\OT1/cmr/bx/n/10 V2.19 \OT1/cmr/m/n/10 Ex-plain why the vec-tor $[]$ is or is n
ot a lin-ear com-bi-na-tion of the vec-tors $[] \OML/cmm/m/it/10 ; [] ; [] ; []
 ; [] []$\OT1/cmr/m/n/10 . 
 []


Overfull \hbox (90.63438pt too wide) in paragraph at lines 1134--1162
\OT1/cmr/bx/n/10 V2.20 \OT1/cmr/m/n/10 Ex-plain why the vec-tor $[]$ is or is n
ot a lin-ear com-bi-na-tion of the vec-tors $[] \OML/cmm/m/it/10 ; [] ; [] ; []
 []$\OT1/cmr/m/n/10 . 
 []


Overfull \hbox (70.07877pt too wide) in paragraph at lines 1168--1196
\OT1/cmr/bx/n/10 V2.21 \OT1/cmr/m/n/10 Ex-plain why the vec-tor $[]$ is or is n
ot a lin-ear com-bi-na-tion of the vec-tors $[] \OML/cmm/m/it/10 ; [] ; [] ; []
 []$\OT1/cmr/m/n/10 . 
 []


Overfull \hbox (43.41214pt too wide) in paragraph at lines 1202--1225
\OT1/cmr/bx/n/10 V2.22 \OT1/cmr/m/n/10 Ex-plain why the vec-tor $[]$ is or is n
ot a lin-ear com-bi-na-tion of the vec-tors $[] \OML/cmm/m/it/10 ; [] ; [] []$\
OT1/cmr/m/n/10 . 
 []


Overfull \hbox (35.63434pt too wide) in paragraph at lines 1231--1254
\OT1/cmr/bx/n/10 V2.23 \OT1/cmr/m/n/10 Ex-plain why the vec-tor $[]$ is or is n
ot a lin-ear com-bi-na-tion of the vec-tors $[] \OML/cmm/m/it/10 ; [] ; [] []$\
OT1/cmr/m/n/10 . 
 []

[8]
Overfull \hbox (43.41214pt too wide) in paragraph at lines 1260--1283
\OT1/cmr/bx/n/10 V2.24 \OT1/cmr/m/n/10 Ex-plain why the vec-tor $[]$ is or is n
ot a lin-ear com-bi-na-tion of the vec-tors $[] \OML/cmm/m/it/10 ; [] ; [] []$\
OT1/cmr/m/n/10 . 
 []


Overfull \hbox (77.85657pt too wide) in paragraph at lines 1289--1317
\OT1/cmr/bx/n/10 V2.25 \OT1/cmr/m/n/10 Ex-plain why the vec-tor $[]$ is or is n
ot a lin-ear com-bi-na-tion of the vec-tors $[] \OML/cmm/m/it/10 ; [] ; [] ; []
 []$\OT1/cmr/m/n/10 . 
 []

[9] [10] [11] [12] [13] [14] [15] [16] [17] [18] [19] [20] [21] [22] [23]
[24] [25] [26] [27]
Overfull \hbox (81.16707pt too wide) detected at line 5570
\OML/cmm/m/it/10 W \OT1/cmr/m/n/10 = []  [] \OML/cmm/m/it/10 :
 []


Overfull \hbox (73.94482pt too wide) detected at line 5579
\OML/cmm/m/it/10 W \OT1/cmr/m/n/10 = []  [] \OML/cmm/m/it/10 :
 []


Overfull \hbox (10.76445pt too wide) detected at line 5588
\OML/cmm/m/it/10 W \OT1/cmr/m/n/10 = []  [] \OML/cmm/m/it/10 :
 []


Overfull \hbox (106.16714pt too wide) detected at line 5702
\OML/cmm/m/it/10 W \OT1/cmr/m/n/10 = []  [] \OML/cmm/m/it/10 :
 []

[28]
Overfull \hbox (75.05598pt too wide) detected at line 5711
\OML/cmm/m/it/10 W \OT1/cmr/m/n/10 = []  [] \OML/cmm/m/it/10 :
 []


Overfull \hbox (60.61145pt too wide) detected at line 5720
\OML/cmm/m/it/10 W \OT1/cmr/m/n/10 = []  [] \OML/cmm/m/it/10 :
 []


Overfull \hbox (57.27806pt too wide) detected at line 5753
\OML/cmm/m/it/10 W \OT1/cmr/m/n/10 = []  [] \OML/cmm/m/it/10 :
 []


Overfull \hbox (31.16696pt too wide) detected at line 5810
\OML/cmm/m/it/10 W \OT1/cmr/m/n/10 = []  [] \OML/cmm/m/it/10 :
 []


Overfull \hbox (32.6325pt too wide) detected at line 5819
\OML/cmm/m/it/10 W \OT1/cmr/m/n/10 = []  [] \OML/cmm/m/it/10 :
 []


Overfull \hbox (16.52122pt too wide) detected at line 5852
\OML/cmm/m/it/10 W \OT1/cmr/m/n/10 = []  [] \OML/cmm/m/it/10 :
 []

[29]
Overfull \hbox (56.5213pt too wide) detected at line 5909
\OML/cmm/m/it/10 W \OT1/cmr/m/n/10 = []  [] \OML/cmm/m/it/10 :
 []


Overfull \hbox (11.87552pt too wide) detected at line 5918
\OML/cmm/m/it/10 W \OT1/cmr/m/n/10 = []  [] \OML/cmm/m/it/10 :
 []

[30] [31] [32] [33] [34]
Package atveryend Info: Empty hook `BeforeClearDocument' on input line 6277.
 [35]
Package atveryend Info: Empty hook `AfterLastShipout' on input line 6277.
 (./homework-library.aux)
Package atveryend Info: Executing hook `AtVeryEndDocument' on input line 6277.
Package atveryend Info: Executing hook `AtEndAfterFileList' on input line 6277.

Package rerunfilecheck Info: File `homework-library.out' has not changed.
(rerunfilecheck)             Checksum: B7D63B48CD05E53EE22A9163CE7E9942;424.
Package atveryend Info: Empty hook `AtVeryVeryEnd' on input line 6277.
 ) 
Here is how much of TeX's memory you used:
 6362 strings out of 494910
 90724 string characters out of 6179835
 207885 words of memory out of 5000000
 9560 multiletter control sequences out of 15000+600000
 6252 words of font info for 25 fonts, out of 8000000 for 9000
 36 hyphenation exceptions out of 8191
 31i,8n,32p,267b,351s stack positions out of 5000i,500n,10000p,200000b,80000s
</usr/share/texlive/texmf-dist/fonts/type1/public/amsfonts/cm/cmbx10.pfb></us
r/share/texlive/texmf-dist/fonts/type1/public/amsfonts/cm/cmbx12.pfb></usr/shar
e/texlive/texmf-dist/fonts/type1/public/amsfonts/cm/cmex10.pfb></usr/share/texl
ive/texmf-dist/fonts/type1/public/amsfonts/cm/cmmi10.pfb></usr/share/texlive/te
xmf-dist/fonts/type1/public/amsfonts/cm/cmmi7.pfb></usr/share/texlive/texmf-dis
t/fonts/type1/public/amsfonts/cm/cmr10.pfb></usr/share/texlive/texmf-dist/fonts
/type1/public/amsfonts/cm/cmr7.pfb></usr/share/texlive/texmf-dist/fonts/type1/p
ublic/amsfonts/cm/cmsy10.pfb></usr/share/texlive/texmf-dist/fonts/type1/public/
amsfonts/symbols/msbm10.pfb>
Output written on homework-library.pdf (35 pages, 128903 bytes).
PDF statistics:
 239 PDF objects out of 1000 (max. 8388607)
 191 compressed objects within 2 object streams
 45 named destinations out of 1000 (max. 500000)
 73 words of extra memory for PDF output out of 10000 (max. 10000000)

