This is pdfTeX, Version 3.14159265-2.6-1.40.20 (TeX Live 2019/Debian) (preloaded format=pdflatex 2022.3.18)  25 APR 2022 09:38
entering extended mode
 \write18 enabled.
 %&-line parsing enabled.
**carnival.tex
(./carnival.tex
LaTeX2e <2020-02-02> patch level 2
L3 programming layer <2020-02-14>
(/usr/share/texlive/texmf-dist/tex/latex/base/article.cls
Document Class: article 2019/12/20 v1.4l Standard LaTeX document class
(/usr/share/texlive/texmf-dist/tex/latex/base/size10.clo
File: size10.clo 2019/12/20 v1.4l Standard LaTeX file (size option)
)
\c@part=\count167
\c@section=\count168
\c@subsection=\count169
\c@subsubsection=\count170
\c@paragraph=\count171
\c@subparagraph=\count172
\c@figure=\count173
\c@table=\count174
\abovecaptionskip=\skip47
\belowcaptionskip=\skip48
\bibindent=\dimen134
)
(/usr/share/texlive/texmf-dist/tex/latex/geometry/geometry.sty
Package: geometry 2020/01/02 v5.9 Page Geometry

(/usr/share/texlive/texmf-dist/tex/latex/graphics/keyval.sty
Package: keyval 2014/10/28 v1.15 key=value parser (DPC)
\KV@toks@=\toks14
)
(/usr/share/texlive/texmf-dist/tex/generic/iftex/ifvtex.sty
Package: ifvtex 2019/10/25 v1.7 ifvtex legacy package. Use iftex instead.

(/usr/share/texlive/texmf-dist/tex/generic/iftex/iftex.sty
Package: iftex 2019/11/07 v1.0c TeX engine tests
))
\Gm@cnth=\count175
\Gm@cntv=\count176
\c@Gm@tempcnt=\count177
\Gm@bindingoffset=\dimen135
\Gm@wd@mp=\dimen136
\Gm@odd@mp=\dimen137
\Gm@even@mp=\dimen138
\Gm@layoutwidth=\dimen139
\Gm@layoutheight=\dimen140
\Gm@layouthoffset=\dimen141
\Gm@layoutvoffset=\dimen142
\Gm@dimlist=\toks15
)
(/usr/share/texlive/texmf-dist/tex/latex/newenviron/newenviron.sty
(/usr/share/texlive/texmf-dist/tex/latex/catoptions/catoptions.sty
\m@one=\count178
\z@pt=\dimen143
Package: catoptions 2014/08/29 v0.2.7h Securing catcodes and parsing options (A
M)
\cpt@csvdepth=\count179
\cpt@optdepth=\count180
\cpt@cnta=\count181
\indrisdepth=\count182
\cpt@foreachdepth=\count183
\cpt@exprcnt=\count184
)
Package: newenviron 2013/03/08 v1.0 Collect and execute environment body (AM) (
Ahmed Musa)
\nenv@temptoks=\toks16
)
(/usr/share/texlive/texmf-dist/tex/latex/graphics/graphicx.sty
Package: graphicx 2019/11/30 v1.2a Enhanced LaTeX Graphics (DPC,SPQR)

(/usr/share/texlive/texmf-dist/tex/latex/graphics/graphics.sty
Package: graphics 2019/11/30 v1.4a Standard LaTeX Graphics (DPC,SPQR)

(/usr/share/texlive/texmf-dist/tex/latex/graphics/trig.sty
Package: trig 2016/01/03 v1.10 sin cos tan (DPC)
)
(/usr/share/texlive/texmf-dist/tex/latex/graphics-cfg/graphics.cfg
File: graphics.cfg 2016/06/04 v1.11 sample graphics configuration
)
Package graphics Info: Driver file: pdftex.def on input line 105.

(/usr/share/texlive/texmf-dist/tex/latex/graphics-def/pdftex.def
File: pdftex.def 2018/01/08 v1.0l Graphics/color driver for pdftex
))
\Gin@req@height=\dimen144
\Gin@req@width=\dimen145
)
(/usr/share/texlive/texmf-dist/tex/latex/amsmath/amsmath.sty
Package: amsmath 2020/01/20 v2.17e AMS math features
\@mathmargin=\skip49

For additional information on amsmath, use the `?' option.
(/usr/share/texlive/texmf-dist/tex/latex/amsmath/amstext.sty
Package: amstext 2000/06/29 v2.01 AMS text

(/usr/share/texlive/texmf-dist/tex/latex/amsmath/amsgen.sty
File: amsgen.sty 1999/11/30 v2.0 generic functions
\@emptytoks=\toks17
\ex@=\dimen146
))
(/usr/share/texlive/texmf-dist/tex/latex/amsmath/amsbsy.sty
Package: amsbsy 1999/11/29 v1.2d Bold Symbols
\pmbraise@=\dimen147
)
(/usr/share/texlive/texmf-dist/tex/latex/amsmath/amsopn.sty
Package: amsopn 2016/03/08 v2.02 operator names
)
\inf@bad=\count185
LaTeX Info: Redefining \frac on input line 227.
\uproot@=\count186
\leftroot@=\count187
LaTeX Info: Redefining \overline on input line 389.
\classnum@=\count188
\DOTSCASE@=\count189
LaTeX Info: Redefining \ldots on input line 486.
LaTeX Info: Redefining \dots on input line 489.
LaTeX Info: Redefining \cdots on input line 610.
\Mathstrutbox@=\box45
\strutbox@=\box46
\big@size=\dimen148
LaTeX Font Info:    Redeclaring font encoding OML on input line 733.
LaTeX Font Info:    Redeclaring font encoding OMS on input line 734.
\macc@depth=\count190
\c@MaxMatrixCols=\count191
\dotsspace@=\muskip16
\c@parentequation=\count192
\dspbrk@lvl=\count193
\tag@help=\toks18
\row@=\count194
\column@=\count195
\maxfields@=\count196
\andhelp@=\toks19
\eqnshift@=\dimen149
\alignsep@=\dimen150
\tagshift@=\dimen151
\tagwidth@=\dimen152
\totwidth@=\dimen153
\lineht@=\dimen154
\@envbody=\toks20
\multlinegap=\skip50
\multlinetaggap=\skip51
\mathdisplay@stack=\toks21
LaTeX Info: Redefining \[ on input line 2859.
LaTeX Info: Redefining \] on input line 2860.
)
(/usr/share/texlive/texmf-dist/tex/latex/amsfonts/amssymb.sty
Package: amssymb 2013/01/14 v3.01 AMS font symbols

(/usr/share/texlive/texmf-dist/tex/latex/amsfonts/amsfonts.sty
Package: amsfonts 2013/01/14 v3.01 Basic AMSFonts support
\symAMSa=\mathgroup4
\symAMSb=\mathgroup5
LaTeX Font Info:    Redeclaring math symbol \hbar on input line 98.
LaTeX Font Info:    Overwriting math alphabet `\mathfrak' in version `bold'
(Font)                  U/euf/m/n --> U/euf/b/n on input line 106.
))
(/usr/share/texlive/texmf-dist/tex/latex/tools/enumerate.sty
Package: enumerate 2015/07/23 v3.00 enumerate extensions (DPC)
\@enLab=\toks22
)
(/usr/share/texlive/texmf-dist/tex/latex/l3backend/l3backend-pdfmode.def
File: l3backend-pdfmode.def 2020-02-03 L3 backend support: PDF mode
\l__kernel_color_stack_int=\count197
\l__pdf_internal_box=\box47
)
(./carnival.aux)
\openout1 = `carnival.aux'.

LaTeX Font Info:    Checking defaults for OML/cmm/m/it on input line 26.
LaTeX Font Info:    ... okay on input line 26.
LaTeX Font Info:    Checking defaults for OMS/cmsy/m/n on input line 26.
LaTeX Font Info:    ... okay on input line 26.
LaTeX Font Info:    Checking defaults for OT1/cmr/m/n on input line 26.
LaTeX Font Info:    ... okay on input line 26.
LaTeX Font Info:    Checking defaults for T1/cmr/m/n on input line 26.
LaTeX Font Info:    ... okay on input line 26.
LaTeX Font Info:    Checking defaults for TS1/cmr/m/n on input line 26.
LaTeX Font Info:    ... okay on input line 26.
LaTeX Font Info:    Checking defaults for OMX/cmex/m/n on input line 26.
LaTeX Font Info:    ... okay on input line 26.
LaTeX Font Info:    Checking defaults for U/cmr/m/n on input line 26.
LaTeX Font Info:    ... okay on input line 26.

*geometry* driver: auto-detecting
*geometry* detected driver: pdftex
*geometry* verbose mode - [ preamble ] result:
* driver: pdftex
* paper: <default>
* layout: <same size as paper>
* layoutoffset:(h,v)=(0.0pt,0.0pt)
* modes: 
* h-part:(L,W,R)=(72.26999pt, 469.75502pt, 72.26999pt)
* v-part:(T,H,B)=(14.45377pt, 708.24623pt, 72.26999pt)
* \paperwidth=614.295pt
* \paperheight=794.96999pt
* \textwidth=469.75502pt
* \textheight=708.24623pt
* \oddsidemargin=0.0pt
* \evensidemargin=0.0pt
* \topmargin=-94.81622pt
* \headheight=12.0pt
* \headsep=25.0pt
* \topskip=10.0pt
* \footskip=30.0pt
* \marginparwidth=65.0pt
* \marginparsep=11.0pt
* \columnsep=10.0pt
* \skip\footins=9.0pt plus 4.0pt minus 2.0pt
* \hoffset=0.0pt
* \voffset=0.0pt
* \mag=1000
* \@twocolumnfalse
* \@twosidefalse
* \@mparswitchfalse
* \@reversemarginfalse
* (1in=72.27pt=25.4mm, 1cm=28.453pt)

(/usr/share/texlive/texmf-dist/tex/context/base/mkii/supp-pdf.mkii
[Loading MPS to PDF converter (version 2006.09.02).]
\scratchcounter=\count198
\scratchdimen=\dimen155
\scratchbox=\box48
\nofMPsegments=\count199
\nofMParguments=\count266
\everyMPshowfont=\toks23
\MPscratchCnt=\count267
\MPscratchDim=\dimen156
\MPnumerator=\count268
\makeMPintoPDFobject=\count269
\everyMPtoPDFconversion=\toks24
) (/usr/share/texlive/texmf-dist/tex/latex/epstopdf-pkg/epstopdf-base.sty
Package: epstopdf-base 2020-01-24 v2.11 Base part for package epstopdf
Package epstopdf-base Info: Redefining graphics rule for `.eps' on input line 4
85.

(/usr/share/texlive/texmf-dist/tex/latex/latexconfig/epstopdf-sys.cfg
File: epstopdf-sys.cfg 2010/07/13 v1.3 Configuration of (r)epstopdf for TeX Liv
e
))
(./problems.tex
<ferris_wheel.png, id=1, 875.27pt x 983.675pt>
File: ferris_wheel.png Graphic file (type png)
<use ferris_wheel.png>
Package pdftex.def Info: ferris_wheel.png  used on input line 30.
(pdftex.def)             Requested size: 43.76605pt x 49.18663pt.
LaTeX Font Info:    Trying to load font information for U+msa on input line 30.

 (/usr/share/texlive/texmf-dist/tex/latex/amsfonts/umsa.fd
File: umsa.fd 2013/01/14 v3.01 AMS symbols A
)
LaTeX Font Info:    Trying to load font information for U+msb on input line 30.


(/usr/share/texlive/texmf-dist/tex/latex/amsfonts/umsb.fd
File: umsb.fd 2013/01/14 v3.01 AMS symbols B
)
File: ferris_wheel.png Graphic file (type png)
<use ferris_wheel.png>
Package pdftex.def Info: ferris_wheel.png  used on input line 30.
(pdftex.def)             Requested size: 43.76605pt x 49.18663pt.
 [1

{/var/lib/texmf/fonts/map/pdftex/updmap/pdftex.map} <./ferris_wheel.png>]
File: ferris_wheel.png Graphic file (type png)
<use ferris_wheel.png>
Package pdftex.def Info: ferris_wheel.png  used on input line 66.
(pdftex.def)             Requested size: 43.76605pt x 49.18663pt.
File: ferris_wheel.png Graphic file (type png)
<use ferris_wheel.png>
Package pdftex.def Info: ferris_wheel.png  used on input line 66.
(pdftex.def)             Requested size: 43.76605pt x 49.18663pt.
 [2]
File: ferris_wheel.png Graphic file (type png)
<use ferris_wheel.png>
Package pdftex.def Info: ferris_wheel.png  used on input line 102.
(pdftex.def)             Requested size: 43.76605pt x 49.18663pt.
File: ferris_wheel.png Graphic file (type png)
<use ferris_wheel.png>
Package pdftex.def Info: ferris_wheel.png  used on input line 102.
(pdftex.def)             Requested size: 43.76605pt x 49.18663pt.
 [3]
File: ferris_wheel.png Graphic file (type png)
<use ferris_wheel.png>
Package pdftex.def Info: ferris_wheel.png  used on input line 135.
(pdftex.def)             Requested size: 43.76605pt x 49.18663pt.
File: ferris_wheel.png Graphic file (type png)
<use ferris_wheel.png>
Package pdftex.def Info: ferris_wheel.png  used on input line 135.
(pdftex.def)             Requested size: 43.76605pt x 49.18663pt.
 [4]
File: ferris_wheel.png Graphic file (type png)
<use ferris_wheel.png>
Package pdftex.def Info: ferris_wheel.png  used on input line 171.
(pdftex.def)             Requested size: 43.76605pt x 49.18663pt.
File: ferris_wheel.png Graphic file (type png)
<use ferris_wheel.png>
Package pdftex.def Info: ferris_wheel.png  used on input line 171.
(pdftex.def)             Requested size: 43.76605pt x 49.18663pt.
 [5]
File: ferris_wheel.png Graphic file (type png)
<use ferris_wheel.png>
Package pdftex.def Info: ferris_wheel.png  used on input line 203.
(pdftex.def)             Requested size: 43.76605pt x 49.18663pt.
File: ferris_wheel.png Graphic file (type png)
<use ferris_wheel.png>
Package pdftex.def Info: ferris_wheel.png  used on input line 203.
(pdftex.def)             Requested size: 43.76605pt x 49.18663pt.

[6]
File: ferris_wheel.png Graphic file (type png)
<use ferris_wheel.png>
Package pdftex.def Info: ferris_wheel.png  used on input line 239.
(pdftex.def)             Requested size: 43.76605pt x 49.18663pt.
File: ferris_wheel.png Graphic file (type png)
<use ferris_wheel.png>
Package pdftex.def Info: ferris_wheel.png  used on input line 239.
(pdftex.def)             Requested size: 43.76605pt x 49.18663pt.
 [7]
File: ferris_wheel.png Graphic file (type png)
<use ferris_wheel.png>
Package pdftex.def Info: ferris_wheel.png  used on input line 272.
(pdftex.def)             Requested size: 43.76605pt x 49.18663pt.
File: ferris_wheel.png Graphic file (type png)
<use ferris_wheel.png>
Package pdftex.def Info: ferris_wheel.png  used on input line 272.
(pdftex.def)             Requested size: 43.76605pt x 49.18663pt.
 [8]
File: ferris_wheel.png Graphic file (type png)
<use ferris_wheel.png>
Package pdftex.def Info: ferris_wheel.png  used on input line 308.
(pdftex.def)             Requested size: 43.76605pt x 49.18663pt.
File: ferris_wheel.png Graphic file (type png)
<use ferris_wheel.png>
Package pdftex.def Info: ferris_wheel.png  used on input line 308.
(pdftex.def)             Requested size: 43.76605pt x 49.18663pt.
 [9]
File: ferris_wheel.png Graphic file (type png)
<use ferris_wheel.png>
Package pdftex.def Info: ferris_wheel.png  used on input line 341.
(pdftex.def)             Requested size: 43.76605pt x 49.18663pt.
File: ferris_wheel.png Graphic file (type png)
<use ferris_wheel.png>
Package pdftex.def Info: ferris_wheel.png  used on input line 341.
(pdftex.def)             Requested size: 43.76605pt x 49.18663pt.
 [10]
File: ferris_wheel.png Graphic file (type png)
<use ferris_wheel.png>
Package pdftex.def Info: ferris_wheel.png  used on input line 487.
(pdftex.def)             Requested size: 43.76605pt x 49.18663pt.
File: ferris_wheel.png Graphic file (type png)
<use ferris_wheel.png>
Package pdftex.def Info: ferris_wheel.png  used on input line 487.
(pdftex.def)             Requested size: 43.76605pt x 49.18663pt.
 [11]
File: ferris_wheel.png Graphic file (type png)
<use ferris_wheel.png>
Package pdftex.def Info: ferris_wheel.png  used on input line 638.
(pdftex.def)             Requested size: 43.76605pt x 49.18663pt.
File: ferris_wheel.png Graphic file (type png)
<use ferris_wheel.png>
Package pdftex.def Info: ferris_wheel.png  used on input line 638.
(pdftex.def)             Requested size: 43.76605pt x 49.18663pt.
 [12]
File: ferris_wheel.png Graphic file (type png)
<use ferris_wheel.png>
Package pdftex.def Info: ferris_wheel.png  used on input line 784.
(pdftex.def)             Requested size: 43.76605pt x 49.18663pt.
File: ferris_wheel.png Graphic file (type png)
<use ferris_wheel.png>
Package pdftex.def Info: ferris_wheel.png  used on input line 784.
(pdftex.def)             Requested size: 43.76605pt x 49.18663pt.
 [13]
File: ferris_wheel.png Graphic file (type png)
<use ferris_wheel.png>
Package pdftex.def Info: ferris_wheel.png  used on input line 926.
(pdftex.def)             Requested size: 43.76605pt x 49.18663pt.
File: ferris_wheel.png Graphic file (type png)
<use ferris_wheel.png>
Package pdftex.def Info: ferris_wheel.png  used on input line 926.
(pdftex.def)             Requested size: 43.76605pt x 49.18663pt.
 [14]
File: ferris_wheel.png Graphic file (type png)
<use ferris_wheel.png>
Package pdftex.def Info: ferris_wheel.png  used on input line 1047.
(pdftex.def)             Requested size: 43.76605pt x 49.18663pt.
File: ferris_wheel.png Graphic file (type png)
<use ferris_wheel.png>
Package pdftex.def Info: ferris_wheel.png  used on input line 1047.
(pdftex.def)             Requested size: 43.76605pt x 49.18663pt.
 [15]
File: ferris_wheel.png Graphic file (type png)
<use ferris_wheel.png>
Package pdftex.def Info: ferris_wheel.png  used on input line 1179.
(pdftex.def)             Requested size: 43.76605pt x 49.18663pt.
File: ferris_wheel.png Graphic file (type png)
<use ferris_wheel.png>
Package pdftex.def Info: ferris_wheel.png  used on input line 1179.
(pdftex.def)             Requested size: 43.76605pt x 49.18663pt.
 [16]
File: ferris_wheel.png Graphic file (type png)
<use ferris_wheel.png>
Package pdftex.def Info: ferris_wheel.png  used on input line 1300.
(pdftex.def)             Requested size: 43.76605pt x 49.18663pt.
File: ferris_wheel.png Graphic file (type png)
<use ferris_wheel.png>
Package pdftex.def Info: ferris_wheel.png  used on input line 1300.
(pdftex.def)             Requested size: 43.76605pt x 49.18663pt.
 [17]
File: ferris_wheel.png Graphic file (type png)
<use ferris_wheel.png>
Package pdftex.def Info: ferris_wheel.png  used on input line 1432.
(pdftex.def)             Requested size: 43.76605pt x 49.18663pt.
File: ferris_wheel.png Graphic file (type png)
<use ferris_wheel.png>
Package pdftex.def Info: ferris_wheel.png  used on input line 1432.
(pdftex.def)             Requested size: 43.76605pt x 49.18663pt.
 [18]
File: ferris_wheel.png Graphic file (type png)
<use ferris_wheel.png>
Package pdftex.def Info: ferris_wheel.png  used on input line 1553.
(pdftex.def)             Requested size: 43.76605pt x 49.18663pt.
File: ferris_wheel.png Graphic file (type png)
<use ferris_wheel.png>
Package pdftex.def Info: ferris_wheel.png  used on input line 1553.
(pdftex.def)             Requested size: 43.76605pt x 49.18663pt.
 [19]
File: ferris_wheel.png Graphic file (type png)
<use ferris_wheel.png>
Package pdftex.def Info: ferris_wheel.png  used on input line 1580.
(pdftex.def)             Requested size: 43.76605pt x 49.18663pt.
File: ferris_wheel.png Graphic file (type png)
<use ferris_wheel.png>
Package pdftex.def Info: ferris_wheel.png  used on input line 1580.
(pdftex.def)             Requested size: 43.76605pt x 49.18663pt.
 [20]
File: ferris_wheel.png Graphic file (type png)
<use ferris_wheel.png>
Package pdftex.def Info: ferris_wheel.png  used on input line 1615.
(pdftex.def)             Requested size: 43.76605pt x 49.18663pt.
File: ferris_wheel.png Graphic file (type png)
<use ferris_wheel.png>
Package pdftex.def Info: ferris_wheel.png  used on input line 1615.
(pdftex.def)             Requested size: 43.76605pt x 49.18663pt.
 [21]
File: ferris_wheel.png Graphic file (type png)
<use ferris_wheel.png>
Package pdftex.def Info: ferris_wheel.png  used on input line 1642.
(pdftex.def)             Requested size: 43.76605pt x 49.18663pt.
File: ferris_wheel.png Graphic file (type png)
<use ferris_wheel.png>
Package pdftex.def Info: ferris_wheel.png  used on input line 1642.
(pdftex.def)             Requested size: 43.76605pt x 49.18663pt.

[22]
File: ferris_wheel.png Graphic file (type png)
<use ferris_wheel.png>
Package pdftex.def Info: ferris_wheel.png  used on input line 1675.
(pdftex.def)             Requested size: 43.76605pt x 49.18663pt.
File: ferris_wheel.png Graphic file (type png)
<use ferris_wheel.png>
Package pdftex.def Info: ferris_wheel.png  used on input line 1675.
(pdftex.def)             Requested size: 43.76605pt x 49.18663pt.
 [23]
File: ferris_wheel.png Graphic file (type png)
<use ferris_wheel.png>
Package pdftex.def Info: ferris_wheel.png  used on input line 1702.
(pdftex.def)             Requested size: 43.76605pt x 49.18663pt.
File: ferris_wheel.png Graphic file (type png)
<use ferris_wheel.png>
Package pdftex.def Info: ferris_wheel.png  used on input line 1702.
(pdftex.def)             Requested size: 43.76605pt x 49.18663pt.
 [24]
File: ferris_wheel.png Graphic file (type png)
<use ferris_wheel.png>
Package pdftex.def Info: ferris_wheel.png  used on input line 1733.
(pdftex.def)             Requested size: 43.76605pt x 49.18663pt.
File: ferris_wheel.png Graphic file (type png)
<use ferris_wheel.png>
Package pdftex.def Info: ferris_wheel.png  used on input line 1733.
(pdftex.def)             Requested size: 43.76605pt x 49.18663pt.
 [25]
File: ferris_wheel.png Graphic file (type png)
<use ferris_wheel.png>
Package pdftex.def Info: ferris_wheel.png  used on input line 1764.
(pdftex.def)             Requested size: 43.76605pt x 49.18663pt.
File: ferris_wheel.png Graphic file (type png)
<use ferris_wheel.png>
Package pdftex.def Info: ferris_wheel.png  used on input line 1764.
(pdftex.def)             Requested size: 43.76605pt x 49.18663pt.
 [26]
File: ferris_wheel.png Graphic file (type png)
<use ferris_wheel.png>
Package pdftex.def Info: ferris_wheel.png  used on input line 1799.
(pdftex.def)             Requested size: 43.76605pt x 49.18663pt.
File: ferris_wheel.png Graphic file (type png)
<use ferris_wheel.png>
Package pdftex.def Info: ferris_wheel.png  used on input line 1799.
(pdftex.def)             Requested size: 43.76605pt x 49.18663pt.
 [27]
File: ferris_wheel.png Graphic file (type png)
<use ferris_wheel.png>
Package pdftex.def Info: ferris_wheel.png  used on input line 1826.
(pdftex.def)             Requested size: 43.76605pt x 49.18663pt.
File: ferris_wheel.png Graphic file (type png)
<use ferris_wheel.png>
Package pdftex.def Info: ferris_wheel.png  used on input line 1826.
(pdftex.def)             Requested size: 43.76605pt x 49.18663pt.
 [28]
File: ferris_wheel.png Graphic file (type png)
<use ferris_wheel.png>
Package pdftex.def Info: ferris_wheel.png  used on input line 1859.
(pdftex.def)             Requested size: 43.76605pt x 49.18663pt.
File: ferris_wheel.png Graphic file (type png)
<use ferris_wheel.png>
Package pdftex.def Info: ferris_wheel.png  used on input line 1859.
(pdftex.def)             Requested size: 43.76605pt x 49.18663pt.
 [29]
File: ferris_wheel.png Graphic file (type png)
<use ferris_wheel.png>
Package pdftex.def Info: ferris_wheel.png  used on input line 1961.
(pdftex.def)             Requested size: 43.76605pt x 49.18663pt.
File: ferris_wheel.png Graphic file (type png)
<use ferris_wheel.png>
Package pdftex.def Info: ferris_wheel.png  used on input line 1961.
(pdftex.def)             Requested size: 43.76605pt x 49.18663pt.
 [30]
File: ferris_wheel.png Graphic file (type png)
<use ferris_wheel.png>
Package pdftex.def Info: ferris_wheel.png  used on input line 2067.
(pdftex.def)             Requested size: 43.76605pt x 49.18663pt.
File: ferris_wheel.png Graphic file (type png)
<use ferris_wheel.png>
Package pdftex.def Info: ferris_wheel.png  used on input line 2067.
(pdftex.def)             Requested size: 43.76605pt x 49.18663pt.
 [31]
File: ferris_wheel.png Graphic file (type png)
<use ferris_wheel.png>
Package pdftex.def Info: ferris_wheel.png  used on input line 2184.
(pdftex.def)             Requested size: 43.76605pt x 49.18663pt.
File: ferris_wheel.png Graphic file (type png)
<use ferris_wheel.png>
Package pdftex.def Info: ferris_wheel.png  used on input line 2184.
(pdftex.def)             Requested size: 43.76605pt x 49.18663pt.
 [32]
File: ferris_wheel.png Graphic file (type png)
<use ferris_wheel.png>
Package pdftex.def Info: ferris_wheel.png  used on input line 2305.
(pdftex.def)             Requested size: 43.76605pt x 49.18663pt.
File: ferris_wheel.png Graphic file (type png)
<use ferris_wheel.png>
Package pdftex.def Info: ferris_wheel.png  used on input line 2305.
(pdftex.def)             Requested size: 43.76605pt x 49.18663pt.
 [33]
File: ferris_wheel.png Graphic file (type png)
<use ferris_wheel.png>
Package pdftex.def Info: ferris_wheel.png  used on input line 2385.
(pdftex.def)             Requested size: 43.76605pt x 49.18663pt.
File: ferris_wheel.png Graphic file (type png)
<use ferris_wheel.png>
Package pdftex.def Info: ferris_wheel.png  used on input line 2385.
(pdftex.def)             Requested size: 43.76605pt x 49.18663pt.
 [34]
File: ferris_wheel.png Graphic file (type png)
<use ferris_wheel.png>
Package pdftex.def Info: ferris_wheel.png  used on input line 2484.
(pdftex.def)             Requested size: 43.76605pt x 49.18663pt.
File: ferris_wheel.png Graphic file (type png)
<use ferris_wheel.png>
Package pdftex.def Info: ferris_wheel.png  used on input line 2484.
(pdftex.def)             Requested size: 43.76605pt x 49.18663pt.
 [35]
File: ferris_wheel.png Graphic file (type png)
<use ferris_wheel.png>
Package pdftex.def Info: ferris_wheel.png  used on input line 2541.
(pdftex.def)             Requested size: 43.76605pt x 49.18663pt.
File: ferris_wheel.png Graphic file (type png)
<use ferris_wheel.png>
Package pdftex.def Info: ferris_wheel.png  used on input line 2541.
(pdftex.def)             Requested size: 43.76605pt x 49.18663pt.
 [36]
File: ferris_wheel.png Graphic file (type png)
<use ferris_wheel.png>
Package pdftex.def Info: ferris_wheel.png  used on input line 2602.
(pdftex.def)             Requested size: 43.76605pt x 49.18663pt.
File: ferris_wheel.png Graphic file (type png)
<use ferris_wheel.png>
Package pdftex.def Info: ferris_wheel.png  used on input line 2602.
(pdftex.def)             Requested size: 43.76605pt x 49.18663pt.

[37]
File: ferris_wheel.png Graphic file (type png)
<use ferris_wheel.png>
Package pdftex.def Info: ferris_wheel.png  used on input line 2659.
(pdftex.def)             Requested size: 43.76605pt x 49.18663pt.
File: ferris_wheel.png Graphic file (type png)
<use ferris_wheel.png>
Package pdftex.def Info: ferris_wheel.png  used on input line 2659.
(pdftex.def)             Requested size: 43.76605pt x 49.18663pt.
 [38]
File: ferris_wheel.png Graphic file (type png)
<use ferris_wheel.png>
Package pdftex.def Info: ferris_wheel.png  used on input line 2720.
(pdftex.def)             Requested size: 43.76605pt x 49.18663pt.
File: ferris_wheel.png Graphic file (type png)
<use ferris_wheel.png>
Package pdftex.def Info: ferris_wheel.png  used on input line 2720.
(pdftex.def)             Requested size: 43.76605pt x 49.18663pt.
 [39]
File: ferris_wheel.png Graphic file (type png)
<use ferris_wheel.png>
Package pdftex.def Info: ferris_wheel.png  used on input line 2777.
(pdftex.def)             Requested size: 43.76605pt x 49.18663pt.
File: ferris_wheel.png Graphic file (type png)
<use ferris_wheel.png>
Package pdftex.def Info: ferris_wheel.png  used on input line 2777.
(pdftex.def)             Requested size: 43.76605pt x 49.18663pt.
 [40]
File: ferris_wheel.png Graphic file (type png)
<use ferris_wheel.png>
Package pdftex.def Info: ferris_wheel.png  used on input line 2838.
(pdftex.def)             Requested size: 43.76605pt x 49.18663pt.
File: ferris_wheel.png Graphic file (type png)
<use ferris_wheel.png>
Package pdftex.def Info: ferris_wheel.png  used on input line 2838.
(pdftex.def)             Requested size: 43.76605pt x 49.18663pt.
 [41]
File: ferris_wheel.png Graphic file (type png)
<use ferris_wheel.png>
Package pdftex.def Info: ferris_wheel.png  used on input line 2895.
(pdftex.def)             Requested size: 43.76605pt x 49.18663pt.
File: ferris_wheel.png Graphic file (type png)
<use ferris_wheel.png>
Package pdftex.def Info: ferris_wheel.png  used on input line 2895.
(pdftex.def)             Requested size: 43.76605pt x 49.18663pt.
 [42]
File: ferris_wheel.png Graphic file (type png)
<use ferris_wheel.png>
Package pdftex.def Info: ferris_wheel.png  used on input line 2971.
(pdftex.def)             Requested size: 43.76605pt x 49.18663pt.
File: ferris_wheel.png Graphic file (type png)
<use ferris_wheel.png>
Package pdftex.def Info: ferris_wheel.png  used on input line 2971.
(pdftex.def)             Requested size: 43.76605pt x 49.18663pt.
 [43]
File: ferris_wheel.png Graphic file (type png)
<use ferris_wheel.png>
Package pdftex.def Info: ferris_wheel.png  used on input line 3040.
(pdftex.def)             Requested size: 43.76605pt x 49.18663pt.
File: ferris_wheel.png Graphic file (type png)
<use ferris_wheel.png>
Package pdftex.def Info: ferris_wheel.png  used on input line 3040.
(pdftex.def)             Requested size: 43.76605pt x 49.18663pt.
 [44]
File: ferris_wheel.png Graphic file (type png)
<use ferris_wheel.png>
Package pdftex.def Info: ferris_wheel.png  used on input line 3113.
(pdftex.def)             Requested size: 43.76605pt x 49.18663pt.
File: ferris_wheel.png Graphic file (type png)
<use ferris_wheel.png>
Package pdftex.def Info: ferris_wheel.png  used on input line 3113.
(pdftex.def)             Requested size: 43.76605pt x 49.18663pt.
 [45]
File: ferris_wheel.png Graphic file (type png)
<use ferris_wheel.png>
Package pdftex.def Info: ferris_wheel.png  used on input line 3168.
(pdftex.def)             Requested size: 43.76605pt x 49.18663pt.
File: ferris_wheel.png Graphic file (type png)
<use ferris_wheel.png>
Package pdftex.def Info: ferris_wheel.png  used on input line 3168.
(pdftex.def)             Requested size: 43.76605pt x 49.18663pt.
 [46]
File: ferris_wheel.png Graphic file (type png)
<use ferris_wheel.png>
Package pdftex.def Info: ferris_wheel.png  used on input line 3227.
(pdftex.def)             Requested size: 43.76605pt x 49.18663pt.
File: ferris_wheel.png Graphic file (type png)
<use ferris_wheel.png>
Package pdftex.def Info: ferris_wheel.png  used on input line 3227.
(pdftex.def)             Requested size: 43.76605pt x 49.18663pt.
 [47]
File: ferris_wheel.png Graphic file (type png)
<use ferris_wheel.png>
Package pdftex.def Info: ferris_wheel.png  used on input line 3282.
(pdftex.def)             Requested size: 43.76605pt x 49.18663pt.
File: ferris_wheel.png Graphic file (type png)
<use ferris_wheel.png>
Package pdftex.def Info: ferris_wheel.png  used on input line 3282.
(pdftex.def)             Requested size: 43.76605pt x 49.18663pt.
 [48]
File: ferris_wheel.png Graphic file (type png)
<use ferris_wheel.png>
Package pdftex.def Info: ferris_wheel.png  used on input line 3341.
(pdftex.def)             Requested size: 43.76605pt x 49.18663pt.
File: ferris_wheel.png Graphic file (type png)
<use ferris_wheel.png>
Package pdftex.def Info: ferris_wheel.png  used on input line 3341.
(pdftex.def)             Requested size: 43.76605pt x 49.18663pt.
 [49]
File: ferris_wheel.png Graphic file (type png)
<use ferris_wheel.png>
Package pdftex.def Info: ferris_wheel.png  used on input line 3395.
(pdftex.def)             Requested size: 43.76605pt x 49.18663pt.
File: ferris_wheel.png Graphic file (type png)
<use ferris_wheel.png>
Package pdftex.def Info: ferris_wheel.png  used on input line 3395.
(pdftex.def)             Requested size: 43.76605pt x 49.18663pt.
 [50]
File: ferris_wheel.png Graphic file (type png)
<use ferris_wheel.png>
Package pdftex.def Info: ferris_wheel.png  used on input line 3420.
(pdftex.def)             Requested size: 43.76605pt x 49.18663pt.
File: ferris_wheel.png Graphic file (type png)
<use ferris_wheel.png>
Package pdftex.def Info: ferris_wheel.png  used on input line 3420.
(pdftex.def)             Requested size: 43.76605pt x 49.18663pt.
 [51]
File: ferris_wheel.png Graphic file (type png)
<use ferris_wheel.png>
Package pdftex.def Info: ferris_wheel.png  used on input line 3441.
(pdftex.def)             Requested size: 43.76605pt x 49.18663pt.
File: ferris_wheel.png Graphic file (type png)
<use ferris_wheel.png>
Package pdftex.def Info: ferris_wheel.png  used on input line 3441.
(pdftex.def)             Requested size: 43.76605pt x 49.18663pt.

[52]
File: ferris_wheel.png Graphic file (type png)
<use ferris_wheel.png>
Package pdftex.def Info: ferris_wheel.png  used on input line 3466.
(pdftex.def)             Requested size: 43.76605pt x 49.18663pt.
File: ferris_wheel.png Graphic file (type png)
<use ferris_wheel.png>
Package pdftex.def Info: ferris_wheel.png  used on input line 3466.
(pdftex.def)             Requested size: 43.76605pt x 49.18663pt.
 [53]
File: ferris_wheel.png Graphic file (type png)
<use ferris_wheel.png>
Package pdftex.def Info: ferris_wheel.png  used on input line 3487.
(pdftex.def)             Requested size: 43.76605pt x 49.18663pt.
File: ferris_wheel.png Graphic file (type png)
<use ferris_wheel.png>
Package pdftex.def Info: ferris_wheel.png  used on input line 3487.
(pdftex.def)             Requested size: 43.76605pt x 49.18663pt.
 [54]
File: ferris_wheel.png Graphic file (type png)
<use ferris_wheel.png>
Package pdftex.def Info: ferris_wheel.png  used on input line 3512.
(pdftex.def)             Requested size: 43.76605pt x 49.18663pt.
File: ferris_wheel.png Graphic file (type png)
<use ferris_wheel.png>
Package pdftex.def Info: ferris_wheel.png  used on input line 3512.
(pdftex.def)             Requested size: 43.76605pt x 49.18663pt.
 [55]
File: ferris_wheel.png Graphic file (type png)
<use ferris_wheel.png>
Package pdftex.def Info: ferris_wheel.png  used on input line 3533.
(pdftex.def)             Requested size: 43.76605pt x 49.18663pt.
File: ferris_wheel.png Graphic file (type png)
<use ferris_wheel.png>
Package pdftex.def Info: ferris_wheel.png  used on input line 3533.
(pdftex.def)             Requested size: 43.76605pt x 49.18663pt.
 [56]
File: ferris_wheel.png Graphic file (type png)
<use ferris_wheel.png>
Package pdftex.def Info: ferris_wheel.png  used on input line 3558.
(pdftex.def)             Requested size: 43.76605pt x 49.18663pt.
File: ferris_wheel.png Graphic file (type png)
<use ferris_wheel.png>
Package pdftex.def Info: ferris_wheel.png  used on input line 3558.
(pdftex.def)             Requested size: 43.76605pt x 49.18663pt.
 [57]
File: ferris_wheel.png Graphic file (type png)
<use ferris_wheel.png>
Package pdftex.def Info: ferris_wheel.png  used on input line 3579.
(pdftex.def)             Requested size: 43.76605pt x 49.18663pt.
File: ferris_wheel.png Graphic file (type png)
<use ferris_wheel.png>
Package pdftex.def Info: ferris_wheel.png  used on input line 3579.
(pdftex.def)             Requested size: 43.76605pt x 49.18663pt.
 [58]
File: ferris_wheel.png Graphic file (type png)
<use ferris_wheel.png>
Package pdftex.def Info: ferris_wheel.png  used on input line 3604.
(pdftex.def)             Requested size: 43.76605pt x 49.18663pt.
File: ferris_wheel.png Graphic file (type png)
<use ferris_wheel.png>
Package pdftex.def Info: ferris_wheel.png  used on input line 3604.
(pdftex.def)             Requested size: 43.76605pt x 49.18663pt.
 [59]
File: ferris_wheel.png Graphic file (type png)
<use ferris_wheel.png>
Package pdftex.def Info: ferris_wheel.png  used on input line 3625.
(pdftex.def)             Requested size: 43.76605pt x 49.18663pt.
File: ferris_wheel.png Graphic file (type png)
<use ferris_wheel.png>
Package pdftex.def Info: ferris_wheel.png  used on input line 3625.
(pdftex.def)             Requested size: 43.76605pt x 49.18663pt.
 [60]
File: ferris_wheel.png Graphic file (type png)
<use ferris_wheel.png>
Package pdftex.def Info: ferris_wheel.png  used on input line 3679.
(pdftex.def)             Requested size: 43.76605pt x 49.18663pt.
File: ferris_wheel.png Graphic file (type png)
<use ferris_wheel.png>
Package pdftex.def Info: ferris_wheel.png  used on input line 3679.
(pdftex.def)             Requested size: 43.76605pt x 49.18663pt.
 [61]
File: ferris_wheel.png Graphic file (type png)
<use ferris_wheel.png>
Package pdftex.def Info: ferris_wheel.png  used on input line 3728.
(pdftex.def)             Requested size: 43.76605pt x 49.18663pt.
File: ferris_wheel.png Graphic file (type png)
<use ferris_wheel.png>
Package pdftex.def Info: ferris_wheel.png  used on input line 3728.
(pdftex.def)             Requested size: 43.76605pt x 49.18663pt.
 [62]
File: ferris_wheel.png Graphic file (type png)
<use ferris_wheel.png>
Package pdftex.def Info: ferris_wheel.png  used on input line 3819.
(pdftex.def)             Requested size: 43.76605pt x 49.18663pt.
File: ferris_wheel.png Graphic file (type png)
<use ferris_wheel.png>
Package pdftex.def Info: ferris_wheel.png  used on input line 3819.
(pdftex.def)             Requested size: 43.76605pt x 49.18663pt.
 [63]
File: ferris_wheel.png Graphic file (type png)
<use ferris_wheel.png>
Package pdftex.def Info: ferris_wheel.png  used on input line 3905.
(pdftex.def)             Requested size: 43.76605pt x 49.18663pt.
File: ferris_wheel.png Graphic file (type png)
<use ferris_wheel.png>
Package pdftex.def Info: ferris_wheel.png  used on input line 3905.
(pdftex.def)             Requested size: 43.76605pt x 49.18663pt.
 [64]
File: ferris_wheel.png Graphic file (type png)
<use ferris_wheel.png>
Package pdftex.def Info: ferris_wheel.png  used on input line 3995.
(pdftex.def)             Requested size: 43.76605pt x 49.18663pt.
File: ferris_wheel.png Graphic file (type png)
<use ferris_wheel.png>
Package pdftex.def Info: ferris_wheel.png  used on input line 3995.
(pdftex.def)             Requested size: 43.76605pt x 49.18663pt.
 [65]
File: ferris_wheel.png Graphic file (type png)
<use ferris_wheel.png>
Package pdftex.def Info: ferris_wheel.png  used on input line 4081.
(pdftex.def)             Requested size: 43.76605pt x 49.18663pt.
File: ferris_wheel.png Graphic file (type png)
<use ferris_wheel.png>
Package pdftex.def Info: ferris_wheel.png  used on input line 4081.
(pdftex.def)             Requested size: 43.76605pt x 49.18663pt.
 [66]
File: ferris_wheel.png Graphic file (type png)
<use ferris_wheel.png>
Package pdftex.def Info: ferris_wheel.png  used on input line 4172.
(pdftex.def)             Requested size: 43.76605pt x 49.18663pt.
File: ferris_wheel.png Graphic file (type png)
<use ferris_wheel.png>
Package pdftex.def Info: ferris_wheel.png  used on input line 4172.
(pdftex.def)             Requested size: 43.76605pt x 49.18663pt.

[67]
File: ferris_wheel.png Graphic file (type png)
<use ferris_wheel.png>
Package pdftex.def Info: ferris_wheel.png  used on input line 4259.
(pdftex.def)             Requested size: 43.76605pt x 49.18663pt.
File: ferris_wheel.png Graphic file (type png)
<use ferris_wheel.png>
Package pdftex.def Info: ferris_wheel.png  used on input line 4259.
(pdftex.def)             Requested size: 43.76605pt x 49.18663pt.
 [68]
File: ferris_wheel.png Graphic file (type png)
<use ferris_wheel.png>
Package pdftex.def Info: ferris_wheel.png  used on input line 4350.
(pdftex.def)             Requested size: 43.76605pt x 49.18663pt.
File: ferris_wheel.png Graphic file (type png)
<use ferris_wheel.png>
Package pdftex.def Info: ferris_wheel.png  used on input line 4350.
(pdftex.def)             Requested size: 43.76605pt x 49.18663pt.
 [69]
File: ferris_wheel.png Graphic file (type png)
<use ferris_wheel.png>
Package pdftex.def Info: ferris_wheel.png  used on input line 4413.
(pdftex.def)             Requested size: 43.76605pt x 49.18663pt.
File: ferris_wheel.png Graphic file (type png)
<use ferris_wheel.png>
Package pdftex.def Info: ferris_wheel.png  used on input line 4413.
(pdftex.def)             Requested size: 43.76605pt x 49.18663pt.
 [70]
File: ferris_wheel.png Graphic file (type png)
<use ferris_wheel.png>
Package pdftex.def Info: ferris_wheel.png  used on input line 4480.
(pdftex.def)             Requested size: 43.76605pt x 49.18663pt.
File: ferris_wheel.png Graphic file (type png)
<use ferris_wheel.png>
Package pdftex.def Info: ferris_wheel.png  used on input line 4480.
(pdftex.def)             Requested size: 43.76605pt x 49.18663pt.
 [71]
File: ferris_wheel.png Graphic file (type png)
<use ferris_wheel.png>
Package pdftex.def Info: ferris_wheel.png  used on input line 4537.
(pdftex.def)             Requested size: 43.76605pt x 49.18663pt.
File: ferris_wheel.png Graphic file (type png)
<use ferris_wheel.png>
Package pdftex.def Info: ferris_wheel.png  used on input line 4537.
(pdftex.def)             Requested size: 43.76605pt x 49.18663pt.
 [72]
File: ferris_wheel.png Graphic file (type png)
<use ferris_wheel.png>
Package pdftex.def Info: ferris_wheel.png  used on input line 4598.
(pdftex.def)             Requested size: 43.76605pt x 49.18663pt.
File: ferris_wheel.png Graphic file (type png)
<use ferris_wheel.png>
Package pdftex.def Info: ferris_wheel.png  used on input line 4598.
(pdftex.def)             Requested size: 43.76605pt x 49.18663pt.
 [73]
File: ferris_wheel.png Graphic file (type png)
<use ferris_wheel.png>
Package pdftex.def Info: ferris_wheel.png  used on input line 4658.
(pdftex.def)             Requested size: 43.76605pt x 49.18663pt.
File: ferris_wheel.png Graphic file (type png)
<use ferris_wheel.png>
Package pdftex.def Info: ferris_wheel.png  used on input line 4658.
(pdftex.def)             Requested size: 43.76605pt x 49.18663pt.
 [74]
File: ferris_wheel.png Graphic file (type png)
<use ferris_wheel.png>
Package pdftex.def Info: ferris_wheel.png  used on input line 4694.
(pdftex.def)             Requested size: 43.76605pt x 49.18663pt.
File: ferris_wheel.png Graphic file (type png)
<use ferris_wheel.png>
Package pdftex.def Info: ferris_wheel.png  used on input line 4694.
(pdftex.def)             Requested size: 43.76605pt x 49.18663pt.
 [75]
File: ferris_wheel.png Graphic file (type png)
<use ferris_wheel.png>
Package pdftex.def Info: ferris_wheel.png  used on input line 4724.
(pdftex.def)             Requested size: 43.76605pt x 49.18663pt.
File: ferris_wheel.png Graphic file (type png)
<use ferris_wheel.png>
Package pdftex.def Info: ferris_wheel.png  used on input line 4724.
(pdftex.def)             Requested size: 43.76605pt x 49.18663pt.
 [76]
File: ferris_wheel.png Graphic file (type png)
<use ferris_wheel.png>
Package pdftex.def Info: ferris_wheel.png  used on input line 4756.
(pdftex.def)             Requested size: 43.76605pt x 49.18663pt.
File: ferris_wheel.png Graphic file (type png)
<use ferris_wheel.png>
Package pdftex.def Info: ferris_wheel.png  used on input line 4756.
(pdftex.def)             Requested size: 43.76605pt x 49.18663pt.
 [77]
File: ferris_wheel.png Graphic file (type png)
<use ferris_wheel.png>
Package pdftex.def Info: ferris_wheel.png  used on input line 4783.
(pdftex.def)             Requested size: 43.76605pt x 49.18663pt.
File: ferris_wheel.png Graphic file (type png)
<use ferris_wheel.png>
Package pdftex.def Info: ferris_wheel.png  used on input line 4783.
(pdftex.def)             Requested size: 43.76605pt x 49.18663pt.
 [78]
File: ferris_wheel.png Graphic file (type png)
<use ferris_wheel.png>
Package pdftex.def Info: ferris_wheel.png  used on input line 4813.
(pdftex.def)             Requested size: 43.76605pt x 49.18663pt.
File: ferris_wheel.png Graphic file (type png)
<use ferris_wheel.png>
Package pdftex.def Info: ferris_wheel.png  used on input line 4813.
(pdftex.def)             Requested size: 43.76605pt x 49.18663pt.
 [79]
File: ferris_wheel.png Graphic file (type png)
<use ferris_wheel.png>
Package pdftex.def Info: ferris_wheel.png  used on input line 4850.
(pdftex.def)             Requested size: 43.76605pt x 49.18663pt.
File: ferris_wheel.png Graphic file (type png)
<use ferris_wheel.png>
Package pdftex.def Info: ferris_wheel.png  used on input line 4850.
(pdftex.def)             Requested size: 43.76605pt x 49.18663pt.
 [80]
File: ferris_wheel.png Graphic file (type png)
<use ferris_wheel.png>
Package pdftex.def Info: ferris_wheel.png  used on input line 4891.
(pdftex.def)             Requested size: 43.76605pt x 49.18663pt.
File: ferris_wheel.png Graphic file (type png)
<use ferris_wheel.png>
Package pdftex.def Info: ferris_wheel.png  used on input line 4891.
(pdftex.def)             Requested size: 43.76605pt x 49.18663pt.
 [81]
File: ferris_wheel.png Graphic file (type png)
<use ferris_wheel.png>
Package pdftex.def Info: ferris_wheel.png  used on input line 4928.
(pdftex.def)             Requested size: 43.76605pt x 49.18663pt.
File: ferris_wheel.png Graphic file (type png)
<use ferris_wheel.png>
Package pdftex.def Info: ferris_wheel.png  used on input line 4928.
(pdftex.def)             Requested size: 43.76605pt x 49.18663pt.

[82]
File: ferris_wheel.png Graphic file (type png)
<use ferris_wheel.png>
Package pdftex.def Info: ferris_wheel.png  used on input line 4969.
(pdftex.def)             Requested size: 43.76605pt x 49.18663pt.
File: ferris_wheel.png Graphic file (type png)
<use ferris_wheel.png>
Package pdftex.def Info: ferris_wheel.png  used on input line 4969.
(pdftex.def)             Requested size: 43.76605pt x 49.18663pt.
 [83]
File: ferris_wheel.png Graphic file (type png)
<use ferris_wheel.png>
Package pdftex.def Info: ferris_wheel.png  used on input line 5006.
(pdftex.def)             Requested size: 43.76605pt x 49.18663pt.
File: ferris_wheel.png Graphic file (type png)
<use ferris_wheel.png>
Package pdftex.def Info: ferris_wheel.png  used on input line 5006.
(pdftex.def)             Requested size: 43.76605pt x 49.18663pt.
 [84]
File: ferris_wheel.png Graphic file (type png)
<use ferris_wheel.png>
Package pdftex.def Info: ferris_wheel.png  used on input line 5047.
(pdftex.def)             Requested size: 43.76605pt x 49.18663pt.
File: ferris_wheel.png Graphic file (type png)
<use ferris_wheel.png>
Package pdftex.def Info: ferris_wheel.png  used on input line 5047.
(pdftex.def)             Requested size: 43.76605pt x 49.18663pt.
 [85]
File: ferris_wheel.png Graphic file (type png)
<use ferris_wheel.png>
Package pdftex.def Info: ferris_wheel.png  used on input line 5084.
(pdftex.def)             Requested size: 43.76605pt x 49.18663pt.
File: ferris_wheel.png Graphic file (type png)
<use ferris_wheel.png>
Package pdftex.def Info: ferris_wheel.png  used on input line 5084.
(pdftex.def)             Requested size: 43.76605pt x 49.18663pt.
 [86]
File: ferris_wheel.png Graphic file (type png)
<use ferris_wheel.png>
Package pdftex.def Info: ferris_wheel.png  used on input line 5125.
(pdftex.def)             Requested size: 43.76605pt x 49.18663pt.
File: ferris_wheel.png Graphic file (type png)
<use ferris_wheel.png>
Package pdftex.def Info: ferris_wheel.png  used on input line 5125.
(pdftex.def)             Requested size: 43.76605pt x 49.18663pt.
 [87]
File: ferris_wheel.png Graphic file (type png)
<use ferris_wheel.png>
Package pdftex.def Info: ferris_wheel.png  used on input line 5162.
(pdftex.def)             Requested size: 43.76605pt x 49.18663pt.
File: ferris_wheel.png Graphic file (type png)
<use ferris_wheel.png>
Package pdftex.def Info: ferris_wheel.png  used on input line 5162.
(pdftex.def)             Requested size: 43.76605pt x 49.18663pt.
 [88]
File: ferris_wheel.png Graphic file (type png)
<use ferris_wheel.png>
Package pdftex.def Info: ferris_wheel.png  used on input line 5226.
(pdftex.def)             Requested size: 43.76605pt x 49.18663pt.
File: ferris_wheel.png Graphic file (type png)
<use ferris_wheel.png>
Package pdftex.def Info: ferris_wheel.png  used on input line 5226.
(pdftex.def)             Requested size: 43.76605pt x 49.18663pt.
 [89]
File: ferris_wheel.png Graphic file (type png)
<use ferris_wheel.png>
Package pdftex.def Info: ferris_wheel.png  used on input line 5286.
(pdftex.def)             Requested size: 43.76605pt x 49.18663pt.
File: ferris_wheel.png Graphic file (type png)
<use ferris_wheel.png>
Package pdftex.def Info: ferris_wheel.png  used on input line 5286.
(pdftex.def)             Requested size: 43.76605pt x 49.18663pt.
 [90]
File: ferris_wheel.png Graphic file (type png)
<use ferris_wheel.png>
Package pdftex.def Info: ferris_wheel.png  used on input line 5350.
(pdftex.def)             Requested size: 43.76605pt x 49.18663pt.
File: ferris_wheel.png Graphic file (type png)
<use ferris_wheel.png>
Package pdftex.def Info: ferris_wheel.png  used on input line 5350.
(pdftex.def)             Requested size: 43.76605pt x 49.18663pt.
 [91]
File: ferris_wheel.png Graphic file (type png)
<use ferris_wheel.png>
Package pdftex.def Info: ferris_wheel.png  used on input line 5410.
(pdftex.def)             Requested size: 43.76605pt x 49.18663pt.
File: ferris_wheel.png Graphic file (type png)
<use ferris_wheel.png>
Package pdftex.def Info: ferris_wheel.png  used on input line 5410.
(pdftex.def)             Requested size: 43.76605pt x 49.18663pt.
 [92]
File: ferris_wheel.png Graphic file (type png)
<use ferris_wheel.png>
Package pdftex.def Info: ferris_wheel.png  used on input line 5474.
(pdftex.def)             Requested size: 43.76605pt x 49.18663pt.
File: ferris_wheel.png Graphic file (type png)
<use ferris_wheel.png>
Package pdftex.def Info: ferris_wheel.png  used on input line 5474.
(pdftex.def)             Requested size: 43.76605pt x 49.18663pt.
 [93]
File: ferris_wheel.png Graphic file (type png)
<use ferris_wheel.png>
Package pdftex.def Info: ferris_wheel.png  used on input line 5501.
(pdftex.def)             Requested size: 43.76605pt x 49.18663pt.
File: ferris_wheel.png Graphic file (type png)
<use ferris_wheel.png>
Package pdftex.def Info: ferris_wheel.png  used on input line 5501.
(pdftex.def)             Requested size: 43.76605pt x 49.18663pt.
 [94]
File: ferris_wheel.png Graphic file (type png)
<use ferris_wheel.png>
Package pdftex.def Info: ferris_wheel.png  used on input line 5532.
(pdftex.def)             Requested size: 43.76605pt x 49.18663pt.
File: ferris_wheel.png Graphic file (type png)
<use ferris_wheel.png>
Package pdftex.def Info: ferris_wheel.png  used on input line 5532.
(pdftex.def)             Requested size: 43.76605pt x 49.18663pt.
 [95]
File: ferris_wheel.png Graphic file (type png)
<use ferris_wheel.png>
Package pdftex.def Info: ferris_wheel.png  used on input line 5559.
(pdftex.def)             Requested size: 43.76605pt x 49.18663pt.
File: ferris_wheel.png Graphic file (type png)
<use ferris_wheel.png>
Package pdftex.def Info: ferris_wheel.png  used on input line 5559.
(pdftex.def)             Requested size: 43.76605pt x 49.18663pt.
 [96]
File: ferris_wheel.png Graphic file (type png)
<use ferris_wheel.png>
Package pdftex.def Info: ferris_wheel.png  used on input line 5590.
(pdftex.def)             Requested size: 43.76605pt x 49.18663pt.
File: ferris_wheel.png Graphic file (type png)
<use ferris_wheel.png>
Package pdftex.def Info: ferris_wheel.png  used on input line 5590.
(pdftex.def)             Requested size: 43.76605pt x 49.18663pt.

[97]
File: ferris_wheel.png Graphic file (type png)
<use ferris_wheel.png>
Package pdftex.def Info: ferris_wheel.png  used on input line 5617.
(pdftex.def)             Requested size: 43.76605pt x 49.18663pt.
File: ferris_wheel.png Graphic file (type png)
<use ferris_wheel.png>
Package pdftex.def Info: ferris_wheel.png  used on input line 5617.
(pdftex.def)             Requested size: 43.76605pt x 49.18663pt.
 [98]
File: ferris_wheel.png Graphic file (type png)
<use ferris_wheel.png>
Package pdftex.def Info: ferris_wheel.png  used on input line 5648.
(pdftex.def)             Requested size: 43.76605pt x 49.18663pt.
File: ferris_wheel.png Graphic file (type png)
<use ferris_wheel.png>
Package pdftex.def Info: ferris_wheel.png  used on input line 5648.
(pdftex.def)             Requested size: 43.76605pt x 49.18663pt.
 [99]
File: ferris_wheel.png Graphic file (type png)
<use ferris_wheel.png>
Package pdftex.def Info: ferris_wheel.png  used on input line 5675.
(pdftex.def)             Requested size: 43.76605pt x 49.18663pt.
File: ferris_wheel.png Graphic file (type png)
<use ferris_wheel.png>
Package pdftex.def Info: ferris_wheel.png  used on input line 5675.
(pdftex.def)             Requested size: 43.76605pt x 49.18663pt.
 [100]
File: ferris_wheel.png Graphic file (type png)
<use ferris_wheel.png>
Package pdftex.def Info: ferris_wheel.png  used on input line 5706.
(pdftex.def)             Requested size: 43.76605pt x 49.18663pt.
File: ferris_wheel.png Graphic file (type png)
<use ferris_wheel.png>
Package pdftex.def Info: ferris_wheel.png  used on input line 5706.
(pdftex.def)             Requested size: 43.76605pt x 49.18663pt.
 [101]
File: ferris_wheel.png Graphic file (type png)
<use ferris_wheel.png>
Package pdftex.def Info: ferris_wheel.png  used on input line 5733.
(pdftex.def)             Requested size: 43.76605pt x 49.18663pt.
File: ferris_wheel.png Graphic file (type png)
<use ferris_wheel.png>
Package pdftex.def Info: ferris_wheel.png  used on input line 5733.
(pdftex.def)             Requested size: 43.76605pt x 49.18663pt.
 [102]
File: ferris_wheel.png Graphic file (type png)
<use ferris_wheel.png>
Package pdftex.def Info: ferris_wheel.png  used on input line 5764.
(pdftex.def)             Requested size: 43.76605pt x 49.18663pt.
File: ferris_wheel.png Graphic file (type png)
<use ferris_wheel.png>
Package pdftex.def Info: ferris_wheel.png  used on input line 5764.
(pdftex.def)             Requested size: 43.76605pt x 49.18663pt.
 [103]
File: ferris_wheel.png Graphic file (type png)
<use ferris_wheel.png>
Package pdftex.def Info: ferris_wheel.png  used on input line 5791.
(pdftex.def)             Requested size: 43.76605pt x 49.18663pt.
File: ferris_wheel.png Graphic file (type png)
<use ferris_wheel.png>
Package pdftex.def Info: ferris_wheel.png  used on input line 5791.
(pdftex.def)             Requested size: 43.76605pt x 49.18663pt.
 [104]
File: ferris_wheel.png Graphic file (type png)
<use ferris_wheel.png>
Package pdftex.def Info: ferris_wheel.png  used on input line 5822.
(pdftex.def)             Requested size: 43.76605pt x 49.18663pt.
File: ferris_wheel.png Graphic file (type png)
<use ferris_wheel.png>
Package pdftex.def Info: ferris_wheel.png  used on input line 5822.
(pdftex.def)             Requested size: 43.76605pt x 49.18663pt.
 [105]
File: ferris_wheel.png Graphic file (type png)
<use ferris_wheel.png>
Package pdftex.def Info: ferris_wheel.png  used on input line 5843.
(pdftex.def)             Requested size: 43.76605pt x 49.18663pt.
File: ferris_wheel.png Graphic file (type png)
<use ferris_wheel.png>
Package pdftex.def Info: ferris_wheel.png  used on input line 5843.
(pdftex.def)             Requested size: 43.76605pt x 49.18663pt.
 [106]
File: ferris_wheel.png Graphic file (type png)
<use ferris_wheel.png>
Package pdftex.def Info: ferris_wheel.png  used on input line 5868.
(pdftex.def)             Requested size: 43.76605pt x 49.18663pt.
File: ferris_wheel.png Graphic file (type png)
<use ferris_wheel.png>
Package pdftex.def Info: ferris_wheel.png  used on input line 5868.
(pdftex.def)             Requested size: 43.76605pt x 49.18663pt.
 [107]
File: ferris_wheel.png Graphic file (type png)
<use ferris_wheel.png>
Package pdftex.def Info: ferris_wheel.png  used on input line 5889.
(pdftex.def)             Requested size: 43.76605pt x 49.18663pt.
File: ferris_wheel.png Graphic file (type png)
<use ferris_wheel.png>
Package pdftex.def Info: ferris_wheel.png  used on input line 5889.
(pdftex.def)             Requested size: 43.76605pt x 49.18663pt.
 [108]
File: ferris_wheel.png Graphic file (type png)
<use ferris_wheel.png>
Package pdftex.def Info: ferris_wheel.png  used on input line 5914.
(pdftex.def)             Requested size: 43.76605pt x 49.18663pt.
File: ferris_wheel.png Graphic file (type png)
<use ferris_wheel.png>
Package pdftex.def Info: ferris_wheel.png  used on input line 5914.
(pdftex.def)             Requested size: 43.76605pt x 49.18663pt.
 [109]
File: ferris_wheel.png Graphic file (type png)
<use ferris_wheel.png>
Package pdftex.def Info: ferris_wheel.png  used on input line 5935.
(pdftex.def)             Requested size: 43.76605pt x 49.18663pt.
File: ferris_wheel.png Graphic file (type png)
<use ferris_wheel.png>
Package pdftex.def Info: ferris_wheel.png  used on input line 5935.
(pdftex.def)             Requested size: 43.76605pt x 49.18663pt.

[110]
File: ferris_wheel.png Graphic file (type png)
<use ferris_wheel.png>
Package pdftex.def Info: ferris_wheel.png  used on input line 5960.
(pdftex.def)             Requested size: 43.76605pt x 49.18663pt.
File: ferris_wheel.png Graphic file (type png)
<use ferris_wheel.png>
Package pdftex.def Info: ferris_wheel.png  used on input line 5960.
(pdftex.def)             Requested size: 43.76605pt x 49.18663pt.
 [111]
File: ferris_wheel.png Graphic file (type png)
<use ferris_wheel.png>
Package pdftex.def Info: ferris_wheel.png  used on input line 5981.
(pdftex.def)             Requested size: 43.76605pt x 49.18663pt.
File: ferris_wheel.png Graphic file (type png)
<use ferris_wheel.png>
Package pdftex.def Info: ferris_wheel.png  used on input line 5981.
(pdftex.def)             Requested size: 43.76605pt x 49.18663pt.
 [112]
File: ferris_wheel.png Graphic file (type png)
<use ferris_wheel.png>
Package pdftex.def Info: ferris_wheel.png  used on input line 6006.
(pdftex.def)             Requested size: 43.76605pt x 49.18663pt.
File: ferris_wheel.png Graphic file (type png)
<use ferris_wheel.png>
Package pdftex.def Info: ferris_wheel.png  used on input line 6006.
(pdftex.def)             Requested size: 43.76605pt x 49.18663pt.
 [113]
File: ferris_wheel.png Graphic file (type png)
<use ferris_wheel.png>
Package pdftex.def Info: ferris_wheel.png  used on input line 6027.
(pdftex.def)             Requested size: 43.76605pt x 49.18663pt.
File: ferris_wheel.png Graphic file (type png)
<use ferris_wheel.png>
Package pdftex.def Info: ferris_wheel.png  used on input line 6027.
(pdftex.def)             Requested size: 43.76605pt x 49.18663pt.
 [114]
File: ferris_wheel.png Graphic file (type png)
<use ferris_wheel.png>
Package pdftex.def Info: ferris_wheel.png  used on input line 6052.
(pdftex.def)             Requested size: 43.76605pt x 49.18663pt.
File: ferris_wheel.png Graphic file (type png)
<use ferris_wheel.png>
Package pdftex.def Info: ferris_wheel.png  used on input line 6052.
(pdftex.def)             Requested size: 43.76605pt x 49.18663pt.
 [115]
File: ferris_wheel.png Graphic file (type png)
<use ferris_wheel.png>
Package pdftex.def Info: ferris_wheel.png  used on input line 6073.
(pdftex.def)             Requested size: 43.76605pt x 49.18663pt.
File: ferris_wheel.png Graphic file (type png)
<use ferris_wheel.png>
Package pdftex.def Info: ferris_wheel.png  used on input line 6073.
(pdftex.def)             Requested size: 43.76605pt x 49.18663pt.
 [116]
File: ferris_wheel.png Graphic file (type png)
<use ferris_wheel.png>
Package pdftex.def Info: ferris_wheel.png  used on input line 6098.
(pdftex.def)             Requested size: 43.76605pt x 49.18663pt.
File: ferris_wheel.png Graphic file (type png)
<use ferris_wheel.png>
Package pdftex.def Info: ferris_wheel.png  used on input line 6098.
(pdftex.def)             Requested size: 43.76605pt x 49.18663pt.
 [117]
File: ferris_wheel.png Graphic file (type png)
<use ferris_wheel.png>
Package pdftex.def Info: ferris_wheel.png  used on input line 6126.
(pdftex.def)             Requested size: 43.76605pt x 49.18663pt.
File: ferris_wheel.png Graphic file (type png)
<use ferris_wheel.png>
Package pdftex.def Info: ferris_wheel.png  used on input line 6126.
(pdftex.def)             Requested size: 43.76605pt x 49.18663pt.
 [118]
File: ferris_wheel.png Graphic file (type png)
<use ferris_wheel.png>
Package pdftex.def Info: ferris_wheel.png  used on input line 6158.
(pdftex.def)             Requested size: 43.76605pt x 49.18663pt.
File: ferris_wheel.png Graphic file (type png)
<use ferris_wheel.png>
Package pdftex.def Info: ferris_wheel.png  used on input line 6158.
(pdftex.def)             Requested size: 43.76605pt x 49.18663pt.
 [119]
File: ferris_wheel.png Graphic file (type png)
<use ferris_wheel.png>
Package pdftex.def Info: ferris_wheel.png  used on input line 6186.
(pdftex.def)             Requested size: 43.76605pt x 49.18663pt.
File: ferris_wheel.png Graphic file (type png)
<use ferris_wheel.png>
Package pdftex.def Info: ferris_wheel.png  used on input line 6186.
(pdftex.def)             Requested size: 43.76605pt x 49.18663pt.
 [120]
File: ferris_wheel.png Graphic file (type png)
<use ferris_wheel.png>
Package pdftex.def Info: ferris_wheel.png  used on input line 6218.
(pdftex.def)             Requested size: 43.76605pt x 49.18663pt.
File: ferris_wheel.png Graphic file (type png)
<use ferris_wheel.png>
Package pdftex.def Info: ferris_wheel.png  used on input line 6218.
(pdftex.def)             Requested size: 43.76605pt x 49.18663pt.
 [121]
File: ferris_wheel.png Graphic file (type png)
<use ferris_wheel.png>
Package pdftex.def Info: ferris_wheel.png  used on input line 6246.
(pdftex.def)             Requested size: 43.76605pt x 49.18663pt.
File: ferris_wheel.png Graphic file (type png)
<use ferris_wheel.png>
Package pdftex.def Info: ferris_wheel.png  used on input line 6246.
(pdftex.def)             Requested size: 43.76605pt x 49.18663pt.

[122]
File: ferris_wheel.png Graphic file (type png)
<use ferris_wheel.png>
Package pdftex.def Info: ferris_wheel.png  used on input line 6278.
(pdftex.def)             Requested size: 43.76605pt x 49.18663pt.
File: ferris_wheel.png Graphic file (type png)
<use ferris_wheel.png>
Package pdftex.def Info: ferris_wheel.png  used on input line 6278.
(pdftex.def)             Requested size: 43.76605pt x 49.18663pt.
 [123]
File: ferris_wheel.png Graphic file (type png)
<use ferris_wheel.png>
Package pdftex.def Info: ferris_wheel.png  used on input line 6306.
(pdftex.def)             Requested size: 43.76605pt x 49.18663pt.
File: ferris_wheel.png Graphic file (type png)
<use ferris_wheel.png>
Package pdftex.def Info: ferris_wheel.png  used on input line 6306.
(pdftex.def)             Requested size: 43.76605pt x 49.18663pt.
 [124]
File: ferris_wheel.png Graphic file (type png)
<use ferris_wheel.png>
Package pdftex.def Info: ferris_wheel.png  used on input line 6338.
(pdftex.def)             Requested size: 43.76605pt x 49.18663pt.
File: ferris_wheel.png Graphic file (type png)
<use ferris_wheel.png>
Package pdftex.def Info: ferris_wheel.png  used on input line 6338.
(pdftex.def)             Requested size: 43.76605pt x 49.18663pt.
 [125]
File: ferris_wheel.png Graphic file (type png)
<use ferris_wheel.png>
Package pdftex.def Info: ferris_wheel.png  used on input line 6366.
(pdftex.def)             Requested size: 43.76605pt x 49.18663pt.
File: ferris_wheel.png Graphic file (type png)
<use ferris_wheel.png>
Package pdftex.def Info: ferris_wheel.png  used on input line 6366.
(pdftex.def)             Requested size: 43.76605pt x 49.18663pt.
 [126]
File: ferris_wheel.png Graphic file (type png)
<use ferris_wheel.png>
Package pdftex.def Info: ferris_wheel.png  used on input line 6398.
(pdftex.def)             Requested size: 43.76605pt x 49.18663pt.
File: ferris_wheel.png Graphic file (type png)
<use ferris_wheel.png>
Package pdftex.def Info: ferris_wheel.png  used on input line 6398.
(pdftex.def)             Requested size: 43.76605pt x 49.18663pt.
 [127]
File: ferris_wheel.png Graphic file (type png)
<use ferris_wheel.png>
Package pdftex.def Info: ferris_wheel.png  used on input line 6426.
(pdftex.def)             Requested size: 43.76605pt x 49.18663pt.
File: ferris_wheel.png Graphic file (type png)
<use ferris_wheel.png>
Package pdftex.def Info: ferris_wheel.png  used on input line 6426.
(pdftex.def)             Requested size: 43.76605pt x 49.18663pt.
 [128]
File: ferris_wheel.png Graphic file (type png)
<use ferris_wheel.png>
Package pdftex.def Info: ferris_wheel.png  used on input line 6458.
(pdftex.def)             Requested size: 43.76605pt x 49.18663pt.
File: ferris_wheel.png Graphic file (type png)
<use ferris_wheel.png>
Package pdftex.def Info: ferris_wheel.png  used on input line 6458.
(pdftex.def)             Requested size: 43.76605pt x 49.18663pt.
 [129]
File: ferris_wheel.png Graphic file (type png)
<use ferris_wheel.png>
Package pdftex.def Info: ferris_wheel.png  used on input line 6486.
(pdftex.def)             Requested size: 43.76605pt x 49.18663pt.
File: ferris_wheel.png Graphic file (type png)
<use ferris_wheel.png>
Package pdftex.def Info: ferris_wheel.png  used on input line 6486.
(pdftex.def)             Requested size: 43.76605pt x 49.18663pt.
 [130]
File: ferris_wheel.png Graphic file (type png)
<use ferris_wheel.png>
Package pdftex.def Info: ferris_wheel.png  used on input line 6518.
(pdftex.def)             Requested size: 43.76605pt x 49.18663pt.
File: ferris_wheel.png Graphic file (type png)
<use ferris_wheel.png>
Package pdftex.def Info: ferris_wheel.png  used on input line 6518.
(pdftex.def)             Requested size: 43.76605pt x 49.18663pt.
 [131]
File: ferris_wheel.png Graphic file (type png)
<use ferris_wheel.png>
Package pdftex.def Info: ferris_wheel.png  used on input line 6546.
(pdftex.def)             Requested size: 43.76605pt x 49.18663pt.
File: ferris_wheel.png Graphic file (type png)
<use ferris_wheel.png>
Package pdftex.def Info: ferris_wheel.png  used on input line 6546.
(pdftex.def)             Requested size: 43.76605pt x 49.18663pt.
 [132]
File: ferris_wheel.png Graphic file (type png)
<use ferris_wheel.png>
Package pdftex.def Info: ferris_wheel.png  used on input line 6578.
(pdftex.def)             Requested size: 43.76605pt x 49.18663pt.
File: ferris_wheel.png Graphic file (type png)
<use ferris_wheel.png>
Package pdftex.def Info: ferris_wheel.png  used on input line 6578.
(pdftex.def)             Requested size: 43.76605pt x 49.18663pt.
 [133]
File: ferris_wheel.png Graphic file (type png)
<use ferris_wheel.png>
Package pdftex.def Info: ferris_wheel.png  used on input line 6606.
(pdftex.def)             Requested size: 43.76605pt x 49.18663pt.
File: ferris_wheel.png Graphic file (type png)
<use ferris_wheel.png>
Package pdftex.def Info: ferris_wheel.png  used on input line 6606.
(pdftex.def)             Requested size: 43.76605pt x 49.18663pt.

[134]
File: ferris_wheel.png Graphic file (type png)
<use ferris_wheel.png>
Package pdftex.def Info: ferris_wheel.png  used on input line 6638.
(pdftex.def)             Requested size: 43.76605pt x 49.18663pt.
File: ferris_wheel.png Graphic file (type png)
<use ferris_wheel.png>
Package pdftex.def Info: ferris_wheel.png  used on input line 6638.
(pdftex.def)             Requested size: 43.76605pt x 49.18663pt.
 [135]
File: ferris_wheel.png Graphic file (type png)
<use ferris_wheel.png>
Package pdftex.def Info: ferris_wheel.png  used on input line 6666.
(pdftex.def)             Requested size: 43.76605pt x 49.18663pt.
File: ferris_wheel.png Graphic file (type png)
<use ferris_wheel.png>
Package pdftex.def Info: ferris_wheel.png  used on input line 6666.
(pdftex.def)             Requested size: 43.76605pt x 49.18663pt.
 [136]
File: ferris_wheel.png Graphic file (type png)
<use ferris_wheel.png>
Package pdftex.def Info: ferris_wheel.png  used on input line 6698.
(pdftex.def)             Requested size: 43.76605pt x 49.18663pt.
File: ferris_wheel.png Graphic file (type png)
<use ferris_wheel.png>
Package pdftex.def Info: ferris_wheel.png  used on input line 6698.
(pdftex.def)             Requested size: 43.76605pt x 49.18663pt.
 [137]
File: ferris_wheel.png Graphic file (type png)
<use ferris_wheel.png>
Package pdftex.def Info: ferris_wheel.png  used on input line 6737.
(pdftex.def)             Requested size: 43.76605pt x 49.18663pt.
File: ferris_wheel.png Graphic file (type png)
<use ferris_wheel.png>
Package pdftex.def Info: ferris_wheel.png  used on input line 6737.
(pdftex.def)             Requested size: 43.76605pt x 49.18663pt.
 [138]
File: ferris_wheel.png Graphic file (type png)
<use ferris_wheel.png>
Package pdftex.def Info: ferris_wheel.png  used on input line 6790.
(pdftex.def)             Requested size: 43.76605pt x 49.18663pt.
File: ferris_wheel.png Graphic file (type png)
<use ferris_wheel.png>
Package pdftex.def Info: ferris_wheel.png  used on input line 6790.
(pdftex.def)             Requested size: 43.76605pt x 49.18663pt.
 [139]
File: ferris_wheel.png Graphic file (type png)
<use ferris_wheel.png>
Package pdftex.def Info: ferris_wheel.png  used on input line 6829.
(pdftex.def)             Requested size: 43.76605pt x 49.18663pt.
File: ferris_wheel.png Graphic file (type png)
<use ferris_wheel.png>
Package pdftex.def Info: ferris_wheel.png  used on input line 6829.
(pdftex.def)             Requested size: 43.76605pt x 49.18663pt.
 [140]
File: ferris_wheel.png Graphic file (type png)
<use ferris_wheel.png>
Package pdftex.def Info: ferris_wheel.png  used on input line 6877.
(pdftex.def)             Requested size: 43.76605pt x 49.18663pt.
File: ferris_wheel.png Graphic file (type png)
<use ferris_wheel.png>
Package pdftex.def Info: ferris_wheel.png  used on input line 6877.
(pdftex.def)             Requested size: 43.76605pt x 49.18663pt.
 [141]
File: ferris_wheel.png Graphic file (type png)
<use ferris_wheel.png>
Package pdftex.def Info: ferris_wheel.png  used on input line 6926.
(pdftex.def)             Requested size: 43.76605pt x 49.18663pt.
File: ferris_wheel.png Graphic file (type png)
<use ferris_wheel.png>
Package pdftex.def Info: ferris_wheel.png  used on input line 6926.
(pdftex.def)             Requested size: 43.76605pt x 49.18663pt.
 [142]
File: ferris_wheel.png Graphic file (type png)
<use ferris_wheel.png>
Package pdftex.def Info: ferris_wheel.png  used on input line 6974.
(pdftex.def)             Requested size: 43.76605pt x 49.18663pt.
File: ferris_wheel.png Graphic file (type png)
<use ferris_wheel.png>
Package pdftex.def Info: ferris_wheel.png  used on input line 6974.
(pdftex.def)             Requested size: 43.76605pt x 49.18663pt.
 [143]
File: ferris_wheel.png Graphic file (type png)
<use ferris_wheel.png>
Package pdftex.def Info: ferris_wheel.png  used on input line 7013.
(pdftex.def)             Requested size: 43.76605pt x 49.18663pt.
File: ferris_wheel.png Graphic file (type png)
<use ferris_wheel.png>
Package pdftex.def Info: ferris_wheel.png  used on input line 7013.
(pdftex.def)             Requested size: 43.76605pt x 49.18663pt.
 [144]
File: ferris_wheel.png Graphic file (type png)
<use ferris_wheel.png>
Package pdftex.def Info: ferris_wheel.png  used on input line 7056.
(pdftex.def)             Requested size: 43.76605pt x 49.18663pt.
File: ferris_wheel.png Graphic file (type png)
<use ferris_wheel.png>
Package pdftex.def Info: ferris_wheel.png  used on input line 7056.
(pdftex.def)             Requested size: 43.76605pt x 49.18663pt.
 [145]
File: ferris_wheel.png Graphic file (type png)
<use ferris_wheel.png>
Package pdftex.def Info: ferris_wheel.png  used on input line 7095.
(pdftex.def)             Requested size: 43.76605pt x 49.18663pt.
File: ferris_wheel.png Graphic file (type png)
<use ferris_wheel.png>
Package pdftex.def Info: ferris_wheel.png  used on input line 7095.
(pdftex.def)             Requested size: 43.76605pt x 49.18663pt.

[146]
File: ferris_wheel.png Graphic file (type png)
<use ferris_wheel.png>
Package pdftex.def Info: ferris_wheel.png  used on input line 7143.
(pdftex.def)             Requested size: 43.76605pt x 49.18663pt.
File: ferris_wheel.png Graphic file (type png)
<use ferris_wheel.png>
Package pdftex.def Info: ferris_wheel.png  used on input line 7143.
(pdftex.def)             Requested size: 43.76605pt x 49.18663pt.
 [147]
File: ferris_wheel.png Graphic file (type png)
<use ferris_wheel.png>
Package pdftex.def Info: ferris_wheel.png  used on input line 7192.
(pdftex.def)             Requested size: 43.76605pt x 49.18663pt.
File: ferris_wheel.png Graphic file (type png)
<use ferris_wheel.png>
Package pdftex.def Info: ferris_wheel.png  used on input line 7192.
(pdftex.def)             Requested size: 43.76605pt x 49.18663pt.
 [148]
File: ferris_wheel.png Graphic file (type png)
<use ferris_wheel.png>
Package pdftex.def Info: ferris_wheel.png  used on input line 7245.
(pdftex.def)             Requested size: 43.76605pt x 49.18663pt.
File: ferris_wheel.png Graphic file (type png)
<use ferris_wheel.png>
Package pdftex.def Info: ferris_wheel.png  used on input line 7245.
(pdftex.def)             Requested size: 43.76605pt x 49.18663pt.
 [149]
File: ferris_wheel.png Graphic file (type png)
<use ferris_wheel.png>
Package pdftex.def Info: ferris_wheel.png  used on input line 7294.
(pdftex.def)             Requested size: 43.76605pt x 49.18663pt.
File: ferris_wheel.png Graphic file (type png)
<use ferris_wheel.png>
Package pdftex.def Info: ferris_wheel.png  used on input line 7294.
(pdftex.def)             Requested size: 43.76605pt x 49.18663pt.
 [150]
File: ferris_wheel.png Graphic file (type png)
<use ferris_wheel.png>
Package pdftex.def Info: ferris_wheel.png  used on input line 7347.
(pdftex.def)             Requested size: 43.76605pt x 49.18663pt.
File: ferris_wheel.png Graphic file (type png)
<use ferris_wheel.png>
Package pdftex.def Info: ferris_wheel.png  used on input line 7347.
(pdftex.def)             Requested size: 43.76605pt x 49.18663pt.
 [151]
File: ferris_wheel.png Graphic file (type png)
<use ferris_wheel.png>
Package pdftex.def Info: ferris_wheel.png  used on input line 7396.
(pdftex.def)             Requested size: 43.76605pt x 49.18663pt.
File: ferris_wheel.png Graphic file (type png)
<use ferris_wheel.png>
Package pdftex.def Info: ferris_wheel.png  used on input line 7396.
(pdftex.def)             Requested size: 43.76605pt x 49.18663pt.
 [152]
File: ferris_wheel.png Graphic file (type png)
<use ferris_wheel.png>
Package pdftex.def Info: ferris_wheel.png  used on input line 7439.
(pdftex.def)             Requested size: 43.76605pt x 49.18663pt.
File: ferris_wheel.png Graphic file (type png)
<use ferris_wheel.png>
Package pdftex.def Info: ferris_wheel.png  used on input line 7439.
(pdftex.def)             Requested size: 43.76605pt x 49.18663pt.
 [153]
File: ferris_wheel.png Graphic file (type png)
<use ferris_wheel.png>
Package pdftex.def Info: ferris_wheel.png  used on input line 7478.
(pdftex.def)             Requested size: 43.76605pt x 49.18663pt.
File: ferris_wheel.png Graphic file (type png)
<use ferris_wheel.png>
Package pdftex.def Info: ferris_wheel.png  used on input line 7478.
(pdftex.def)             Requested size: 43.76605pt x 49.18663pt.
 [154]
File: ferris_wheel.png Graphic file (type png)
<use ferris_wheel.png>
Package pdftex.def Info: ferris_wheel.png  used on input line 7531.
(pdftex.def)             Requested size: 43.76605pt x 49.18663pt.
File: ferris_wheel.png Graphic file (type png)
<use ferris_wheel.png>
Package pdftex.def Info: ferris_wheel.png  used on input line 7531.
(pdftex.def)             Requested size: 43.76605pt x 49.18663pt.
 [155]
File: ferris_wheel.png Graphic file (type png)
<use ferris_wheel.png>
Package pdftex.def Info: ferris_wheel.png  used on input line 7580.
(pdftex.def)             Requested size: 43.76605pt x 49.18663pt.
File: ferris_wheel.png Graphic file (type png)
<use ferris_wheel.png>
Package pdftex.def Info: ferris_wheel.png  used on input line 7580.
(pdftex.def)             Requested size: 43.76605pt x 49.18663pt.
 [156]
File: ferris_wheel.png Graphic file (type png)
<use ferris_wheel.png>
Package pdftex.def Info: ferris_wheel.png  used on input line 7628.
(pdftex.def)             Requested size: 43.76605pt x 49.18663pt.
File: ferris_wheel.png Graphic file (type png)
<use ferris_wheel.png>
Package pdftex.def Info: ferris_wheel.png  used on input line 7628.
(pdftex.def)             Requested size: 43.76605pt x 49.18663pt.
 [157])
(./carnival.aux) ) 
Here is how much of TeX's memory you used:
 4222 strings out of 483140
 59011 string characters out of 5965151
 316103 words of memory out of 5000000
 19227 multiletter control sequences out of 15000+600000
 535286 words of font info for 36 fonts, out of 8000000 for 9000
 36 hyphenation exceptions out of 8191
 55i,9n,61p,306b,278s stack positions out of 5000i,500n,10000p,200000b,80000s
 </home/USADIR.USA.USOUTHAL.EDU/drewlewis/.texlive2019/texmf-
var/fonts/pk/ljfour/jknappen/ec/tcrm1000.600pk></usr/share/texlive/texmf-dist/f
onts/type1/public/amsfonts/cm/cmbx10.pfb></usr/share/texlive/texmf-dist/fonts/t
ype1/public/amsfonts/cm/cmbx12.pfb></usr/share/texlive/texmf-dist/fonts/type1/p
ublic/amsfonts/cm/cmex10.pfb></usr/share/texlive/texmf-dist/fonts/type1/public/
amsfonts/cm/cmmi10.pfb></usr/share/texlive/texmf-dist/fonts/type1/public/amsfon
ts/cm/cmmi7.pfb></usr/share/texlive/texmf-dist/fonts/type1/public/amsfonts/cm/c
mr10.pfb></usr/share/texlive/texmf-dist/fonts/type1/public/amsfonts/cm/cmr7.pfb
></usr/share/texlive/texmf-dist/fonts/type1/public/amsfonts/cm/cmsy10.pfb></usr
/share/texlive/texmf-dist/fonts/type1/public/amsfonts/cm/cmsy7.pfb></usr/share/
texlive/texmf-dist/fonts/type1/public/amsfonts/symbols/msbm10.pfb>
Output written on carnival.pdf (157 pages, 287672 bytes).
PDF statistics:
 559 PDF objects out of 1000 (max. 8388607)
 383 compressed objects within 4 object streams
 0 named destinations out of 1000 (max. 500000)
 6 words of extra memory for PDF output out of 10000 (max. 10000000)

